<?xml version="1.0" encoding="UTF-8"?>
<testsuite xmlns:xsi="http://www.w3.org/2001/XMLSchema-instance" xsi:noNamespaceSchemaLocation="https://maven.apache.org/surefire/maven-surefire-plugin/xsd/surefire-test-report.xsd" version="3.0.2" name="com.nhnacademy.illuwa.domain.coupon.service.CouponServiceImplTest" time="1.77" tests="10" errors="0" skipped="0" failures="0">
  <properties>
    <property name="java.specification.version" value="21"/>
    <property name="sun.jnu.encoding" value="UTF-8"/>
    <property name="java.class.path" value="/Users/chosun-nhn31/Documents/bookstore-order-service/target/test-classes:/Users/chosun-nhn31/Documents/bookstore-order-service/target/classes:/Users/chosun-nhn31/.m2/repository/org/springframework/boot/spring-boot-starter-actuator/3.4.5/spring-boot-starter-actuator-3.4.5.jar:/Users/chosun-nhn31/.m2/repository/org/springframework/boot/spring-boot-starter/3.4.5/spring-boot-starter-3.4.5.jar:/Users/chosun-nhn31/.m2/repository/org/springframework/boot/spring-boot-starter-logging/3.4.5/spring-boot-starter-logging-3.4.5.jar:/Users/chosun-nhn31/.m2/repository/ch/qos/logback/logback-classic/1.5.18/logback-classic-1.5.18.jar:/Users/chosun-nhn31/.m2/repository/ch/qos/logback/logback-core/1.5.18/logback-core-1.5.18.jar:/Users/chosun-nhn31/.m2/repository/org/apache/logging/log4j/log4j-to-slf4j/2.24.3/log4j-to-slf4j-2.24.3.jar:/Users/chosun-nhn31/.m2/repository/org/apache/logging/log4j/log4j-api/2.24.3/log4j-api-2.24.3.jar:/Users/chosun-nhn31/.m2/repository/org/slf4j/jul-to-slf4j/2.0.17/jul-to-slf4j-2.0.17.jar:/Users/chosun-nhn31/.m2/repository/jakarta/annotation/jakarta.annotation-api/2.1.1/jakarta.annotation-api-2.1.1.jar:/Users/chosun-nhn31/.m2/repository/org/yaml/snakeyaml/2.3/snakeyaml-2.3.jar:/Users/chosun-nhn31/.m2/repository/org/springframework/boot/spring-boot-actuator-autoconfigure/3.4.5/spring-boot-actuator-autoconfigure-3.4.5.jar:/Users/chosun-nhn31/.m2/repository/org/springframework/boot/spring-boot-actuator/3.4.5/spring-boot-actuator-3.4.5.jar:/Users/chosun-nhn31/.m2/repository/com/fasterxml/jackson/core/jackson-databind/2.18.3/jackson-databind-2.18.3.jar:/Users/chosun-nhn31/.m2/repository/com/fasterxml/jackson/core/jackson-annotations/2.18.3/jackson-annotations-2.18.3.jar:/Users/chosun-nhn31/.m2/repository/com/fasterxml/jackson/core/jackson-core/2.18.3/jackson-core-2.18.3.jar:/Users/chosun-nhn31/.m2/repository/com/fasterxml/jackson/datatype/jackson-datatype-jsr310/2.18.3/jackson-datatype-jsr310-2.18.3.jar:/Users/chosun-nhn31/.m2/repository/io/micrometer/micrometer-observation/1.14.6/micrometer-observation-1.14.6.jar:/Users/chosun-nhn31/.m2/repository/io/micrometer/micrometer-commons/1.14.6/micrometer-commons-1.14.6.jar:/Users/chosun-nhn31/.m2/repository/io/micrometer/micrometer-jakarta9/1.14.6/micrometer-jakarta9-1.14.6.jar:/Users/chosun-nhn31/.m2/repository/io/micrometer/micrometer-core/1.14.6/micrometer-core-1.14.6.jar:/Users/chosun-nhn31/.m2/repository/org/hdrhistogram/HdrHistogram/2.2.2/HdrHistogram-2.2.2.jar:/Users/chosun-nhn31/.m2/repository/org/latencyutils/LatencyUtils/2.0.3/LatencyUtils-2.0.3.jar:/Users/chosun-nhn31/.m2/repository/org/springframework/boot/spring-boot-starter-data-jpa/3.4.5/spring-boot-starter-data-jpa-3.4.5.jar:/Users/chosun-nhn31/.m2/repository/org/springframework/boot/spring-boot-starter-jdbc/3.4.5/spring-boot-starter-jdbc-3.4.5.jar:/Users/chosun-nhn31/.m2/repository/com/zaxxer/HikariCP/5.1.0/HikariCP-5.1.0.jar:/Users/chosun-nhn31/.m2/repository/org/springframework/spring-jdbc/6.2.6/spring-jdbc-6.2.6.jar:/Users/chosun-nhn31/.m2/repository/org/hibernate/orm/hibernate-core/6.6.13.Final/hibernate-core-6.6.13.Final.jar:/Users/chosun-nhn31/.m2/repository/org/jboss/logging/jboss-logging/3.6.1.Final/jboss-logging-3.6.1.Final.jar:/Users/chosun-nhn31/.m2/repository/org/hibernate/common/hibernate-commons-annotations/7.0.3.Final/hibernate-commons-annotations-7.0.3.Final.jar:/Users/chosun-nhn31/.m2/repository/io/smallrye/jandex/3.2.0/jandex-3.2.0.jar:/Users/chosun-nhn31/.m2/repository/com/fasterxml/classmate/1.7.0/classmate-1.7.0.jar:/Users/chosun-nhn31/.m2/repository/net/bytebuddy/byte-buddy/1.15.11/byte-buddy-1.15.11.jar:/Users/chosun-nhn31/.m2/repository/org/glassfish/jaxb/jaxb-runtime/4.0.5/jaxb-runtime-4.0.5.jar:/Users/chosun-nhn31/.m2/repository/org/glassfish/jaxb/jaxb-core/4.0.5/jaxb-core-4.0.5.jar:/Users/chosun-nhn31/.m2/repository/org/eclipse/angus/angus-activation/2.0.2/angus-activation-2.0.2.jar:/Users/chosun-nhn31/.m2/repository/org/glassfish/jaxb/txw2/4.0.5/txw2-4.0.5.jar:/Users/chosun-nhn31/.m2/repository/com/sun/istack/istack-commons-runtime/4.1.2/istack-commons-runtime-4.1.2.jar:/Users/chosun-nhn31/.m2/repository/jakarta/inject/jakarta.inject-api/2.0.1/jakarta.inject-api-2.0.1.jar:/Users/chosun-nhn31/.m2/repository/org/antlr/antlr4-runtime/4.13.0/antlr4-runtime-4.13.0.jar:/Users/chosun-nhn31/.m2/repository/org/springframework/data/spring-data-jpa/3.4.5/spring-data-jpa-3.4.5.jar:/Users/chosun-nhn31/.m2/repository/org/springframework/data/spring-data-commons/3.4.5/spring-data-commons-3.4.5.jar:/Users/chosun-nhn31/.m2/repository/org/springframework/spring-orm/6.2.6/spring-orm-6.2.6.jar:/Users/chosun-nhn31/.m2/repository/org/springframework/spring-context/6.2.6/spring-context-6.2.6.jar:/Users/chosun-nhn31/.m2/repository/org/springframework/spring-tx/6.2.6/spring-tx-6.2.6.jar:/Users/chosun-nhn31/.m2/repository/org/springframework/spring-beans/6.2.6/spring-beans-6.2.6.jar:/Users/chosun-nhn31/.m2/repository/org/slf4j/slf4j-api/2.0.17/slf4j-api-2.0.17.jar:/Users/chosun-nhn31/.m2/repository/org/springframework/spring-aspects/6.2.6/spring-aspects-6.2.6.jar:/Users/chosun-nhn31/.m2/repository/org/springframework/boot/spring-boot-starter-validation/3.4.5/spring-boot-starter-validation-3.4.5.jar:/Users/chosun-nhn31/.m2/repository/org/apache/tomcat/embed/tomcat-embed-el/10.1.40/tomcat-embed-el-10.1.40.jar:/Users/chosun-nhn31/.m2/repository/org/hibernate/validator/hibernate-validator/8.0.2.Final/hibernate-validator-8.0.2.Final.jar:/Users/chosun-nhn31/.m2/repository/jakarta/validation/jakarta.validation-api/3.0.2/jakarta.validation-api-3.0.2.jar:/Users/chosun-nhn31/.m2/repository/org/springframework/boot/spring-boot-starter-web/3.4.5/spring-boot-starter-web-3.4.5.jar:/Users/chosun-nhn31/.m2/repository/org/springframework/boot/spring-boot-starter-json/3.4.5/spring-boot-starter-json-3.4.5.jar:/Users/chosun-nhn31/.m2/repository/com/fasterxml/jackson/datatype/jackson-datatype-jdk8/2.18.3/jackson-datatype-jdk8-2.18.3.jar:/Users/chosun-nhn31/.m2/repository/com/fasterxml/jackson/module/jackson-module-parameter-names/2.18.3/jackson-module-parameter-names-2.18.3.jar:/Users/chosun-nhn31/.m2/repository/org/springframework/boot/spring-boot-starter-tomcat/3.4.5/spring-boot-starter-tomcat-3.4.5.jar:/Users/chosun-nhn31/.m2/repository/org/apache/tomcat/embed/tomcat-embed-core/10.1.40/tomcat-embed-core-10.1.40.jar:/Users/chosun-nhn31/.m2/repository/org/apache/tomcat/embed/tomcat-embed-websocket/10.1.40/tomcat-embed-websocket-10.1.40.jar:/Users/chosun-nhn31/.m2/repository/org/springframework/spring-web/6.2.6/spring-web-6.2.6.jar:/Users/chosun-nhn31/.m2/repository/org/springframework/spring-webmvc/6.2.6/spring-webmvc-6.2.6.jar:/Users/chosun-nhn31/.m2/repository/org/springframework/spring-expression/6.2.6/spring-expression-6.2.6.jar:/Users/chosun-nhn31/.m2/repository/org/springframework/boot/spring-boot-starter-aop/3.4.5/spring-boot-starter-aop-3.4.5.jar:/Users/chosun-nhn31/.m2/repository/org/springframework/spring-aop/6.2.6/spring-aop-6.2.6.jar:/Users/chosun-nhn31/.m2/repository/org/aspectj/aspectjweaver/1.9.24/aspectjweaver-1.9.24.jar:/Users/chosun-nhn31/.m2/repository/org/springframework/boot/spring-boot-devtools/3.4.5/spring-boot-devtools-3.4.5.jar:/Users/chosun-nhn31/.m2/repository/org/springframework/boot/spring-boot/3.4.5/spring-boot-3.4.5.jar:/Users/chosun-nhn31/.m2/repository/org/springframework/boot/spring-boot-autoconfigure/3.4.5/spring-boot-autoconfigure-3.4.5.jar:/Users/chosun-nhn31/.m2/repository/com/h2database/h2/2.3.232/h2-2.3.232.jar:/Users/chosun-nhn31/.m2/repository/org/springframework/boot/spring-boot-configuration-processor/3.4.5/spring-boot-configuration-processor-3.4.5.jar:/Users/chosun-nhn31/.m2/repository/org/projectlombok/lombok/1.18.30/lombok-1.18.30.jar:/Users/chosun-nhn31/.m2/repository/org/springframework/boot/spring-boot-starter-test/3.4.5/spring-boot-starter-test-3.4.5.jar:/Users/chosun-nhn31/.m2/repository/org/springframework/boot/spring-boot-test/3.4.5/spring-boot-test-3.4.5.jar:/Users/chosun-nhn31/.m2/repository/org/springframework/boot/spring-boot-test-autoconfigure/3.4.5/spring-boot-test-autoconfigure-3.4.5.jar:/Users/chosun-nhn31/.m2/repository/com/jayway/jsonpath/json-path/2.9.0/json-path-2.9.0.jar:/Users/chosun-nhn31/.m2/repository/jakarta/xml/bind/jakarta.xml.bind-api/4.0.2/jakarta.xml.bind-api-4.0.2.jar:/Users/chosun-nhn31/.m2/repository/jakarta/activation/jakarta.activation-api/2.1.3/jakarta.activation-api-2.1.3.jar:/Users/chosun-nhn31/.m2/repository/net/minidev/json-smart/2.5.2/json-smart-2.5.2.jar:/Users/chosun-nhn31/.m2/repository/net/minidev/accessors-smart/2.5.2/accessors-smart-2.5.2.jar:/Users/chosun-nhn31/.m2/repository/org/ow2/asm/asm/9.7.1/asm-9.7.1.jar:/Users/chosun-nhn31/.m2/repository/org/assertj/assertj-core/3.26.3/assertj-core-3.26.3.jar:/Users/chosun-nhn31/.m2/repository/org/awaitility/awaitility/4.2.2/awaitility-4.2.2.jar:/Users/chosun-nhn31/.m2/repository/org/hamcrest/hamcrest/2.2/hamcrest-2.2.jar:/Users/chosun-nhn31/.m2/repository/org/junit/jupiter/junit-jupiter/5.11.4/junit-jupiter-5.11.4.jar:/Users/chosun-nhn31/.m2/repository/org/junit/jupiter/junit-jupiter-api/5.11.4/junit-jupiter-api-5.11.4.jar:/Users/chosun-nhn31/.m2/repository/org/opentest4j/opentest4j/1.3.0/opentest4j-1.3.0.jar:/Users/chosun-nhn31/.m2/repository/org/junit/platform/junit-platform-commons/1.11.4/junit-platform-commons-1.11.4.jar:/Users/chosun-nhn31/.m2/repository/org/apiguardian/apiguardian-api/1.1.2/apiguardian-api-1.1.2.jar:/Users/chosun-nhn31/.m2/repository/org/junit/jupiter/junit-jupiter-params/5.11.4/junit-jupiter-params-5.11.4.jar:/Users/chosun-nhn31/.m2/repository/org/junit/jupiter/junit-jupiter-engine/5.11.4/junit-jupiter-engine-5.11.4.jar:/Users/chosun-nhn31/.m2/repository/org/junit/platform/junit-platform-engine/1.11.4/junit-platform-engine-1.11.4.jar:/Users/chosun-nhn31/.m2/repository/org/mockito/mockito-core/5.14.2/mockito-core-5.14.2.jar:/Users/chosun-nhn31/.m2/repository/net/bytebuddy/byte-buddy-agent/1.15.11/byte-buddy-agent-1.15.11.jar:/Users/chosun-nhn31/.m2/repository/org/objenesis/objenesis/3.3/objenesis-3.3.jar:/Users/chosun-nhn31/.m2/repository/org/mockito/mockito-junit-jupiter/5.14.2/mockito-junit-jupiter-5.14.2.jar:/Users/chosun-nhn31/.m2/repository/org/skyscreamer/jsonassert/1.5.3/jsonassert-1.5.3.jar:/Users/chosun-nhn31/.m2/repository/com/vaadin/external/google/android-json/0.0.20131108.vaadin1/android-json-0.0.20131108.vaadin1.jar:/Users/chosun-nhn31/.m2/repository/org/springframework/spring-core/6.2.6/spring-core-6.2.6.jar:/Users/chosun-nhn31/.m2/repository/org/springframework/spring-jcl/6.2.6/spring-jcl-6.2.6.jar:/Users/chosun-nhn31/.m2/repository/org/springframework/spring-test/6.2.6/spring-test-6.2.6.jar:/Users/chosun-nhn31/.m2/repository/org/xmlunit/xmlunit-core/2.10.0/xmlunit-core-2.10.0.jar:/Users/chosun-nhn31/.m2/repository/org/apache/commons/commons-dbcp2/2.11.0/commons-dbcp2-2.11.0.jar:/Users/chosun-nhn31/.m2/repository/org/apache/commons/commons-pool2/2.12.1/commons-pool2-2.12.1.jar:/Users/chosun-nhn31/.m2/repository/jakarta/transaction/jakarta.transaction-api/2.0.1/jakarta.transaction-api-2.0.1.jar:/Users/chosun-nhn31/.m2/repository/com/mysql/mysql-connector-j/8.0.33/mysql-connector-j-8.0.33.jar:/Users/chosun-nhn31/.m2/repository/com/querydsl/querydsl-jpa/5.1.0/querydsl-jpa-5.1.0-jakarta.jar:/Users/chosun-nhn31/.m2/repository/com/querydsl/querydsl-core/5.1.0/querydsl-core-5.1.0.jar:/Users/chosun-nhn31/.m2/repository/com/mysema/commons/mysema-commons-lang/0.2.4/mysema-commons-lang-0.2.4.jar:/Users/chosun-nhn31/.m2/repository/com/querydsl/querydsl-apt/5.1.0/querydsl-apt-5.1.0-jakarta.jar:/Users/chosun-nhn31/.m2/repository/com/querydsl/querydsl-codegen/5.1.0/querydsl-codegen-5.1.0.jar:/Users/chosun-nhn31/.m2/repository/com/querydsl/codegen-utils/5.1.0/codegen-utils-5.1.0.jar:/Users/chosun-nhn31/.m2/repository/org/eclipse/jdt/ecj/3.26.0/ecj-3.26.0.jar:/Users/chosun-nhn31/.m2/repository/javax/inject/javax.inject/1/javax.inject-1.jar:/Users/chosun-nhn31/.m2/repository/io/github/classgraph/classgraph/4.8.146/classgraph-4.8.146.jar:/Users/chosun-nhn31/.m2/repository/jakarta/persistence/jakarta.persistence-api/3.1.0/jakarta.persistence-api-3.1.0.jar:"/>
    <property name="java.vm.vendor" value="Eclipse Adoptium"/>
    <property name="sun.arch.data.model" value="64"/>
    <property name="java.vendor.url" value="https://adoptium.net/"/>
    <property name="user.timezone" value="Asia/Seoul"/>
    <property name="org.jboss.logging.provider" value="slf4j"/>
    <property name="os.name" value="Mac OS X"/>
    <property name="java.vm.specification.version" value="21"/>
    <property name="sun.java.launcher" value="SUN_STANDARD"/>
    <property name="user.country" value="KR"/>
    <property name="sun.boot.library.path" value="/Users/chosun-nhn31/Library/Java/JavaVirtualMachines/temurin-21.0.6/Contents/Home/lib"/>
    <property name="sun.java.command" value="/Users/chosun-nhn31/Documents/bookstore-order-service/target/surefire/surefirebooter-20250618161758110_3.jar /Users/chosun-nhn31/Documents/bookstore-order-service/target/surefire 2025-06-18T16-17-58_076-jvmRun1 surefire-20250618161758110_1tmp surefire_0-20250618161758110_2tmp"/>
    <property name="http.nonProxyHosts" value="local|*.local|169.254/16|*.169.254/16|lx.astxsvc.com|*.lx.astxsvc.com"/>
    <property name="jdk.debug" value="release"/>
    <property name="surefire.test.class.path" value="/Users/chosun-nhn31/Documents/bookstore-order-service/target/test-classes:/Users/chosun-nhn31/Documents/bookstore-order-service/target/classes:/Users/chosun-nhn31/.m2/repository/org/springframework/boot/spring-boot-starter-actuator/3.4.5/spring-boot-starter-actuator-3.4.5.jar:/Users/chosun-nhn31/.m2/repository/org/springframework/boot/spring-boot-starter/3.4.5/spring-boot-starter-3.4.5.jar:/Users/chosun-nhn31/.m2/repository/org/springframework/boot/spring-boot-starter-logging/3.4.5/spring-boot-starter-logging-3.4.5.jar:/Users/chosun-nhn31/.m2/repository/ch/qos/logback/logback-classic/1.5.18/logback-classic-1.5.18.jar:/Users/chosun-nhn31/.m2/repository/ch/qos/logback/logback-core/1.5.18/logback-core-1.5.18.jar:/Users/chosun-nhn31/.m2/repository/org/apache/logging/log4j/log4j-to-slf4j/2.24.3/log4j-to-slf4j-2.24.3.jar:/Users/chosun-nhn31/.m2/repository/org/apache/logging/log4j/log4j-api/2.24.3/log4j-api-2.24.3.jar:/Users/chosun-nhn31/.m2/repository/org/slf4j/jul-to-slf4j/2.0.17/jul-to-slf4j-2.0.17.jar:/Users/chosun-nhn31/.m2/repository/jakarta/annotation/jakarta.annotation-api/2.1.1/jakarta.annotation-api-2.1.1.jar:/Users/chosun-nhn31/.m2/repository/org/yaml/snakeyaml/2.3/snakeyaml-2.3.jar:/Users/chosun-nhn31/.m2/repository/org/springframework/boot/spring-boot-actuator-autoconfigure/3.4.5/spring-boot-actuator-autoconfigure-3.4.5.jar:/Users/chosun-nhn31/.m2/repository/org/springframework/boot/spring-boot-actuator/3.4.5/spring-boot-actuator-3.4.5.jar:/Users/chosun-nhn31/.m2/repository/com/fasterxml/jackson/core/jackson-databind/2.18.3/jackson-databind-2.18.3.jar:/Users/chosun-nhn31/.m2/repository/com/fasterxml/jackson/core/jackson-annotations/2.18.3/jackson-annotations-2.18.3.jar:/Users/chosun-nhn31/.m2/repository/com/fasterxml/jackson/core/jackson-core/2.18.3/jackson-core-2.18.3.jar:/Users/chosun-nhn31/.m2/repository/com/fasterxml/jackson/datatype/jackson-datatype-jsr310/2.18.3/jackson-datatype-jsr310-2.18.3.jar:/Users/chosun-nhn31/.m2/repository/io/micrometer/micrometer-observation/1.14.6/micrometer-observation-1.14.6.jar:/Users/chosun-nhn31/.m2/repository/io/micrometer/micrometer-commons/1.14.6/micrometer-commons-1.14.6.jar:/Users/chosun-nhn31/.m2/repository/io/micrometer/micrometer-jakarta9/1.14.6/micrometer-jakarta9-1.14.6.jar:/Users/chosun-nhn31/.m2/repository/io/micrometer/micrometer-core/1.14.6/micrometer-core-1.14.6.jar:/Users/chosun-nhn31/.m2/repository/org/hdrhistogram/HdrHistogram/2.2.2/HdrHistogram-2.2.2.jar:/Users/chosun-nhn31/.m2/repository/org/latencyutils/LatencyUtils/2.0.3/LatencyUtils-2.0.3.jar:/Users/chosun-nhn31/.m2/repository/org/springframework/boot/spring-boot-starter-data-jpa/3.4.5/spring-boot-starter-data-jpa-3.4.5.jar:/Users/chosun-nhn31/.m2/repository/org/springframework/boot/spring-boot-starter-jdbc/3.4.5/spring-boot-starter-jdbc-3.4.5.jar:/Users/chosun-nhn31/.m2/repository/com/zaxxer/HikariCP/5.1.0/HikariCP-5.1.0.jar:/Users/chosun-nhn31/.m2/repository/org/springframework/spring-jdbc/6.2.6/spring-jdbc-6.2.6.jar:/Users/chosun-nhn31/.m2/repository/org/hibernate/orm/hibernate-core/6.6.13.Final/hibernate-core-6.6.13.Final.jar:/Users/chosun-nhn31/.m2/repository/org/jboss/logging/jboss-logging/3.6.1.Final/jboss-logging-3.6.1.Final.jar:/Users/chosun-nhn31/.m2/repository/org/hibernate/common/hibernate-commons-annotations/7.0.3.Final/hibernate-commons-annotations-7.0.3.Final.jar:/Users/chosun-nhn31/.m2/repository/io/smallrye/jandex/3.2.0/jandex-3.2.0.jar:/Users/chosun-nhn31/.m2/repository/com/fasterxml/classmate/1.7.0/classmate-1.7.0.jar:/Users/chosun-nhn31/.m2/repository/net/bytebuddy/byte-buddy/1.15.11/byte-buddy-1.15.11.jar:/Users/chosun-nhn31/.m2/repository/org/glassfish/jaxb/jaxb-runtime/4.0.5/jaxb-runtime-4.0.5.jar:/Users/chosun-nhn31/.m2/repository/org/glassfish/jaxb/jaxb-core/4.0.5/jaxb-core-4.0.5.jar:/Users/chosun-nhn31/.m2/repository/org/eclipse/angus/angus-activation/2.0.2/angus-activation-2.0.2.jar:/Users/chosun-nhn31/.m2/repository/org/glassfish/jaxb/txw2/4.0.5/txw2-4.0.5.jar:/Users/chosun-nhn31/.m2/repository/com/sun/istack/istack-commons-runtime/4.1.2/istack-commons-runtime-4.1.2.jar:/Users/chosun-nhn31/.m2/repository/jakarta/inject/jakarta.inject-api/2.0.1/jakarta.inject-api-2.0.1.jar:/Users/chosun-nhn31/.m2/repository/org/antlr/antlr4-runtime/4.13.0/antlr4-runtime-4.13.0.jar:/Users/chosun-nhn31/.m2/repository/org/springframework/data/spring-data-jpa/3.4.5/spring-data-jpa-3.4.5.jar:/Users/chosun-nhn31/.m2/repository/org/springframework/data/spring-data-commons/3.4.5/spring-data-commons-3.4.5.jar:/Users/chosun-nhn31/.m2/repository/org/springframework/spring-orm/6.2.6/spring-orm-6.2.6.jar:/Users/chosun-nhn31/.m2/repository/org/springframework/spring-context/6.2.6/spring-context-6.2.6.jar:/Users/chosun-nhn31/.m2/repository/org/springframework/spring-tx/6.2.6/spring-tx-6.2.6.jar:/Users/chosun-nhn31/.m2/repository/org/springframework/spring-beans/6.2.6/spring-beans-6.2.6.jar:/Users/chosun-nhn31/.m2/repository/org/slf4j/slf4j-api/2.0.17/slf4j-api-2.0.17.jar:/Users/chosun-nhn31/.m2/repository/org/springframework/spring-aspects/6.2.6/spring-aspects-6.2.6.jar:/Users/chosun-nhn31/.m2/repository/org/springframework/boot/spring-boot-starter-validation/3.4.5/spring-boot-starter-validation-3.4.5.jar:/Users/chosun-nhn31/.m2/repository/org/apache/tomcat/embed/tomcat-embed-el/10.1.40/tomcat-embed-el-10.1.40.jar:/Users/chosun-nhn31/.m2/repository/org/hibernate/validator/hibernate-validator/8.0.2.Final/hibernate-validator-8.0.2.Final.jar:/Users/chosun-nhn31/.m2/repository/jakarta/validation/jakarta.validation-api/3.0.2/jakarta.validation-api-3.0.2.jar:/Users/chosun-nhn31/.m2/repository/org/springframework/boot/spring-boot-starter-web/3.4.5/spring-boot-starter-web-3.4.5.jar:/Users/chosun-nhn31/.m2/repository/org/springframework/boot/spring-boot-starter-json/3.4.5/spring-boot-starter-json-3.4.5.jar:/Users/chosun-nhn31/.m2/repository/com/fasterxml/jackson/datatype/jackson-datatype-jdk8/2.18.3/jackson-datatype-jdk8-2.18.3.jar:/Users/chosun-nhn31/.m2/repository/com/fasterxml/jackson/module/jackson-module-parameter-names/2.18.3/jackson-module-parameter-names-2.18.3.jar:/Users/chosun-nhn31/.m2/repository/org/springframework/boot/spring-boot-starter-tomcat/3.4.5/spring-boot-starter-tomcat-3.4.5.jar:/Users/chosun-nhn31/.m2/repository/org/apache/tomcat/embed/tomcat-embed-core/10.1.40/tomcat-embed-core-10.1.40.jar:/Users/chosun-nhn31/.m2/repository/org/apache/tomcat/embed/tomcat-embed-websocket/10.1.40/tomcat-embed-websocket-10.1.40.jar:/Users/chosun-nhn31/.m2/repository/org/springframework/spring-web/6.2.6/spring-web-6.2.6.jar:/Users/chosun-nhn31/.m2/repository/org/springframework/spring-webmvc/6.2.6/spring-webmvc-6.2.6.jar:/Users/chosun-nhn31/.m2/repository/org/springframework/spring-expression/6.2.6/spring-expression-6.2.6.jar:/Users/chosun-nhn31/.m2/repository/org/springframework/boot/spring-boot-starter-aop/3.4.5/spring-boot-starter-aop-3.4.5.jar:/Users/chosun-nhn31/.m2/repository/org/springframework/spring-aop/6.2.6/spring-aop-6.2.6.jar:/Users/chosun-nhn31/.m2/repository/org/aspectj/aspectjweaver/1.9.24/aspectjweaver-1.9.24.jar:/Users/chosun-nhn31/.m2/repository/org/springframework/boot/spring-boot-devtools/3.4.5/spring-boot-devtools-3.4.5.jar:/Users/chosun-nhn31/.m2/repository/org/springframework/boot/spring-boot/3.4.5/spring-boot-3.4.5.jar:/Users/chosun-nhn31/.m2/repository/org/springframework/boot/spring-boot-autoconfigure/3.4.5/spring-boot-autoconfigure-3.4.5.jar:/Users/chosun-nhn31/.m2/repository/com/h2database/h2/2.3.232/h2-2.3.232.jar:/Users/chosun-nhn31/.m2/repository/org/springframework/boot/spring-boot-configuration-processor/3.4.5/spring-boot-configuration-processor-3.4.5.jar:/Users/chosun-nhn31/.m2/repository/org/projectlombok/lombok/1.18.30/lombok-1.18.30.jar:/Users/chosun-nhn31/.m2/repository/org/springframework/boot/spring-boot-starter-test/3.4.5/spring-boot-starter-test-3.4.5.jar:/Users/chosun-nhn31/.m2/repository/org/springframework/boot/spring-boot-test/3.4.5/spring-boot-test-3.4.5.jar:/Users/chosun-nhn31/.m2/repository/org/springframework/boot/spring-boot-test-autoconfigure/3.4.5/spring-boot-test-autoconfigure-3.4.5.jar:/Users/chosun-nhn31/.m2/repository/com/jayway/jsonpath/json-path/2.9.0/json-path-2.9.0.jar:/Users/chosun-nhn31/.m2/repository/jakarta/xml/bind/jakarta.xml.bind-api/4.0.2/jakarta.xml.bind-api-4.0.2.jar:/Users/chosun-nhn31/.m2/repository/jakarta/activation/jakarta.activation-api/2.1.3/jakarta.activation-api-2.1.3.jar:/Users/chosun-nhn31/.m2/repository/net/minidev/json-smart/2.5.2/json-smart-2.5.2.jar:/Users/chosun-nhn31/.m2/repository/net/minidev/accessors-smart/2.5.2/accessors-smart-2.5.2.jar:/Users/chosun-nhn31/.m2/repository/org/ow2/asm/asm/9.7.1/asm-9.7.1.jar:/Users/chosun-nhn31/.m2/repository/org/assertj/assertj-core/3.26.3/assertj-core-3.26.3.jar:/Users/chosun-nhn31/.m2/repository/org/awaitility/awaitility/4.2.2/awaitility-4.2.2.jar:/Users/chosun-nhn31/.m2/repository/org/hamcrest/hamcrest/2.2/hamcrest-2.2.jar:/Users/chosun-nhn31/.m2/repository/org/junit/jupiter/junit-jupiter/5.11.4/junit-jupiter-5.11.4.jar:/Users/chosun-nhn31/.m2/repository/org/junit/jupiter/junit-jupiter-api/5.11.4/junit-jupiter-api-5.11.4.jar:/Users/chosun-nhn31/.m2/repository/org/opentest4j/opentest4j/1.3.0/opentest4j-1.3.0.jar:/Users/chosun-nhn31/.m2/repository/org/junit/platform/junit-platform-commons/1.11.4/junit-platform-commons-1.11.4.jar:/Users/chosun-nhn31/.m2/repository/org/apiguardian/apiguardian-api/1.1.2/apiguardian-api-1.1.2.jar:/Users/chosun-nhn31/.m2/repository/org/junit/jupiter/junit-jupiter-params/5.11.4/junit-jupiter-params-5.11.4.jar:/Users/chosun-nhn31/.m2/repository/org/junit/jupiter/junit-jupiter-engine/5.11.4/junit-jupiter-engine-5.11.4.jar:/Users/chosun-nhn31/.m2/repository/org/junit/platform/junit-platform-engine/1.11.4/junit-platform-engine-1.11.4.jar:/Users/chosun-nhn31/.m2/repository/org/mockito/mockito-core/5.14.2/mockito-core-5.14.2.jar:/Users/chosun-nhn31/.m2/repository/net/bytebuddy/byte-buddy-agent/1.15.11/byte-buddy-agent-1.15.11.jar:/Users/chosun-nhn31/.m2/repository/org/objenesis/objenesis/3.3/objenesis-3.3.jar:/Users/chosun-nhn31/.m2/repository/org/mockito/mockito-junit-jupiter/5.14.2/mockito-junit-jupiter-5.14.2.jar:/Users/chosun-nhn31/.m2/repository/org/skyscreamer/jsonassert/1.5.3/jsonassert-1.5.3.jar:/Users/chosun-nhn31/.m2/repository/com/vaadin/external/google/android-json/0.0.20131108.vaadin1/android-json-0.0.20131108.vaadin1.jar:/Users/chosun-nhn31/.m2/repository/org/springframework/spring-core/6.2.6/spring-core-6.2.6.jar:/Users/chosun-nhn31/.m2/repository/org/springframework/spring-jcl/6.2.6/spring-jcl-6.2.6.jar:/Users/chosun-nhn31/.m2/repository/org/springframework/spring-test/6.2.6/spring-test-6.2.6.jar:/Users/chosun-nhn31/.m2/repository/org/xmlunit/xmlunit-core/2.10.0/xmlunit-core-2.10.0.jar:/Users/chosun-nhn31/.m2/repository/org/apache/commons/commons-dbcp2/2.11.0/commons-dbcp2-2.11.0.jar:/Users/chosun-nhn31/.m2/repository/org/apache/commons/commons-pool2/2.12.1/commons-pool2-2.12.1.jar:/Users/chosun-nhn31/.m2/repository/jakarta/transaction/jakarta.transaction-api/2.0.1/jakarta.transaction-api-2.0.1.jar:/Users/chosun-nhn31/.m2/repository/com/mysql/mysql-connector-j/8.0.33/mysql-connector-j-8.0.33.jar:/Users/chosun-nhn31/.m2/repository/com/querydsl/querydsl-jpa/5.1.0/querydsl-jpa-5.1.0-jakarta.jar:/Users/chosun-nhn31/.m2/repository/com/querydsl/querydsl-core/5.1.0/querydsl-core-5.1.0.jar:/Users/chosun-nhn31/.m2/repository/com/mysema/commons/mysema-commons-lang/0.2.4/mysema-commons-lang-0.2.4.jar:/Users/chosun-nhn31/.m2/repository/com/querydsl/querydsl-apt/5.1.0/querydsl-apt-5.1.0-jakarta.jar:/Users/chosun-nhn31/.m2/repository/com/querydsl/querydsl-codegen/5.1.0/querydsl-codegen-5.1.0.jar:/Users/chosun-nhn31/.m2/repository/com/querydsl/codegen-utils/5.1.0/codegen-utils-5.1.0.jar:/Users/chosun-nhn31/.m2/repository/org/eclipse/jdt/ecj/3.26.0/ecj-3.26.0.jar:/Users/chosun-nhn31/.m2/repository/javax/inject/javax.inject/1/javax.inject-1.jar:/Users/chosun-nhn31/.m2/repository/io/github/classgraph/classgraph/4.8.146/classgraph-4.8.146.jar:/Users/chosun-nhn31/.m2/repository/jakarta/persistence/jakarta.persistence-api/3.1.0/jakarta.persistence-api-3.1.0.jar:"/>
    <property name="sun.cpu.endian" value="little"/>
    <property name="user.home" value="/Users/chosun-nhn31"/>
    <property name="user.language" value="ko"/>
    <property name="java.specification.vendor" value="Oracle Corporation"/>
    <property name="java.version.date" value="2025-01-21"/>
    <property name="java.home" value="/Users/chosun-nhn31/Library/Java/JavaVirtualMachines/temurin-21.0.6/Contents/Home"/>
    <property name="file.separator" value="/"/>
    <property name="basedir" value="/Users/chosun-nhn31/Documents/bookstore-order-service"/>
    <property name="java.vm.compressedOopsMode" value="Zero based"/>
    <property name="line.separator" value="&#10;"/>
    <property name="java.vm.specification.vendor" value="Oracle Corporation"/>
    <property name="java.specification.name" value="Java Platform API Specification"/>
    <property name="FILE_LOG_CHARSET" value="UTF-8"/>
    <property name="java.awt.headless" value="true"/>
    <property name="apple.awt.application.name" value="ForkedBooter"/>
    <property name="surefire.real.class.path" value="/Users/chosun-nhn31/Documents/bookstore-order-service/target/surefire/surefirebooter-20250618161758110_3.jar"/>
    <property name="sun.management.compiler" value="HotSpot 64-Bit Tiered Compilers"/>
    <property name="ftp.nonProxyHosts" value="local|*.local|169.254/16|*.169.254/16|lx.astxsvc.com|*.lx.astxsvc.com"/>
    <property name="java.runtime.version" value="21.0.6+7-LTS"/>
    <property name="user.name" value="chosun-nhn31"/>
    <property name="stdout.encoding" value="UTF-8"/>
    <property name="path.separator" value=":"/>
    <property name="os.version" value="15.5"/>
    <property name="java.runtime.name" value="OpenJDK Runtime Environment"/>
    <property name="file.encoding" value="UTF-8"/>
    <property name="java.vm.name" value="OpenJDK 64-Bit Server VM"/>
    <property name="java.vendor.version" value="Temurin-21.0.6+7"/>
    <property name="localRepository" value="/Users/chosun-nhn31/.m2/repository"/>
    <property name="java.vendor.url.bug" value="https://github.com/adoptium/adoptium-support/issues"/>
    <property name="java.io.tmpdir" value="/var/folders/sd/5p1vj75d5jn8l4jt1bbbcxc80000gn/T/"/>
    <property name="com.zaxxer.hikari.pool_number" value="2"/>
    <property name="java.version" value="21.0.6"/>
    <property name="user.dir" value="/Users/chosun-nhn31/Documents/bookstore-order-service"/>
    <property name="os.arch" value="aarch64"/>
    <property name="java.vm.specification.name" value="Java Virtual Machine Specification"/>
    <property name="PID" value="9628"/>
    <property name="CONSOLE_LOG_CHARSET" value="UTF-8"/>
    <property name="native.encoding" value="UTF-8"/>
    <property name="java.library.path" value="/Users/chosun-nhn31/Library/Java/Extensions:/Library/Java/Extensions:/Network/Library/Java/Extensions:/System/Library/Java/Extensions:/usr/lib/java:."/>
    <property name="java.vm.info" value="mixed mode, sharing"/>
    <property name="stderr.encoding" value="UTF-8"/>
    <property name="java.vendor" value="Eclipse Adoptium"/>
    <property name="java.vm.version" value="21.0.6+7-LTS"/>
    <property name="sun.io.unicode.encoding" value="UnicodeBig"/>
    <property name="socksNonProxyHosts" value="local|*.local|169.254/16|*.169.254/16|lx.astxsvc.com|*.lx.astxsvc.com"/>
    <property name="java.class.version" value="65.0"/>
  </properties>
  <testcase name="createCouponTest" classname="com.nhnacademy.illuwa.domain.coupon.service.CouponServiceImplTest" time="0.056">
    <system-out><![CDATA[2025-06-18T16:18:04.682+09:00  INFO 9628 --- [           main] t.c.s.AnnotationConfigContextLoaderUtils : Could not detect default configuration classes for test class [com.nhnacademy.illuwa.domain.coupon.service.CouponServiceImplTest]: CouponServiceImplTest does not declare any static, non-private, non-final, nested classes annotated with @Configuration.
2025-06-18T16:18:04.691+09:00  INFO 9628 --- [           main] .b.t.c.SpringBootTestContextBootstrapper : Found @SpringBootConfiguration com.nhnacademy.illuwa.IlluwaApplication for test class com.nhnacademy.illuwa.domain.coupon.service.CouponServiceImplTest
2025-06-18T16:18:04.693+09:00  INFO 9628 --- [           main] o.s.b.d.r.RestartApplicationListener     : Restart disabled due to context in which it is running

  .   ____          _            __ _ _
 /\\ / ___'_ __ _ _(_)_ __  __ _ \ \ \ \
( ( )\___ | '_ | '_| | '_ \/ _` | \ \ \ \
 \\/  ___)| |_)| | | | | || (_| |  ) ) ) )
  '  |____| .__|_| |_|_| |_\__, | / / / /
 =========|_|==============|___/=/_/_/_/

 :: Spring Boot ::                (v3.4.5)

2025-06-18T16:18:04.707+09:00  INFO 9628 --- [           main] c.n.i.d.c.service.CouponServiceImplTest  : Starting CouponServiceImplTest using Java 21.0.6 with PID 9628 (started by chosun-nhn31 in /Users/chosun-nhn31/Documents/bookstore-order-service)
2025-06-18T16:18:04.707+09:00  INFO 9628 --- [           main] c.n.i.d.c.service.CouponServiceImplTest  : The following 1 profile is active: "dev"
2025-06-18T16:18:04.871+09:00  INFO 9628 --- [           main] .s.d.r.c.RepositoryConfigurationDelegate : Bootstrapping Spring Data JPA repositories in DEFAULT mode.
2025-06-18T16:18:04.886+09:00  INFO 9628 --- [           main] .s.d.r.c.RepositoryConfigurationDelegate : Finished Spring Data repository scanning in 13 ms. Found 9 JPA repository interfaces.
2025-06-18T16:18:04.991+09:00  INFO 9628 --- [           main] o.hibernate.jpa.internal.util.LogHelper  : HHH000204: Processing PersistenceUnitInfo [name: default]
2025-06-18T16:18:04.993+09:00  INFO 9628 --- [           main] o.h.c.internal.RegionFactoryInitiator    : HHH000026: Second-level cache disabled
2025-06-18T16:18:05.000+09:00  INFO 9628 --- [           main] o.s.o.j.p.SpringPersistenceUnitInfo      : No LoadTimeWeaver setup: ignoring JPA class transformer
2025-06-18T16:18:05.000+09:00  INFO 9628 --- [           main] com.zaxxer.hikari.HikariDataSource       : HikariPool-2 - Starting...
2025-06-18T16:18:05.073+09:00  INFO 9628 --- [           main] com.zaxxer.hikari.pool.HikariPool        : HikariPool-2 - Added connection com.mysql.cj.jdbc.ConnectionImpl@ca6cf80
2025-06-18T16:18:05.073+09:00  INFO 9628 --- [           main] com.zaxxer.hikari.HikariDataSource       : HikariPool-2 - Start completed.
2025-06-18T16:18:05.075+09:00  WARN 9628 --- [           main] org.hibernate.orm.deprecation            : HHH90000025: MySQL8Dialect does not need to be specified explicitly using 'hibernate.dialect' (remove the property setting and it will be selected by default)
2025-06-18T16:18:05.076+09:00  WARN 9628 --- [           main] org.hibernate.orm.deprecation            : HHH90000026: MySQL8Dialect has been deprecated; use org.hibernate.dialect.MySQLDialect instead
2025-06-18T16:18:05.076+09:00  INFO 9628 --- [           main] org.hibernate.orm.connections.pooling    : HHH10001005: Database info:
	Database JDBC URL [Connecting through datasource 'HikariDataSource (HikariPool-2)']
	Database driver: undefined/unknown
	Database version: 8.0
	Autocommit mode: undefined/unknown
	Isolation level: undefined/unknown
	Minimum pool size: undefined/unknown
	Maximum pool size: undefined/unknown
2025-06-18T16:18:05.124+09:00  INFO 9628 --- [           main] o.h.e.t.j.p.i.JtaPlatformInitiator       : HHH000489: No JTA platform available (set 'hibernate.transaction.jta.platform' to enable JTA platform integration)
Hibernate: alter table coupon drop foreign key FKhhd12tmniqm73fvgl8j8uu26r
Hibernate: alter table member_coupon drop foreign key FKkxw7ja7v55gk4a368w3gs6s0j
Hibernate: alter table member_coupon drop foreign key FKf8n3lu0dfwmhvcikamg220lgg
Hibernate: alter table order_item drop foreign key FKt4dc2r9nbvbujrljv3e23iibt
Hibernate: alter table order_item drop foreign key FKoqdlwbkm9hejq24fnyfa0c38e
Hibernate: alter table orders drop foreign key FKlfvs630qjka2fkn8lnljvptka
Hibernate: alter table return_request drop foreign key FK8tnm0qj0m3r4jr2l6oaneouu0
Hibernate: drop table if exists coupon
Hibernate: drop table if exists coupon_policy
Hibernate: drop table if exists member
Hibernate: drop table if exists member_coupon
Hibernate: drop table if exists order_item
Hibernate: drop table if exists orders
Hibernate: drop table if exists packaging
Hibernate: drop table if exists return_request
Hibernate: drop table if exists shipping_policies
Hibernate: create table coupon (coupon_type tinyint not null, issue_count decimal(38,2) not null, valid_from date not null, valid_to date not null, id bigint not null auto_increment, policy_id bigint, comment varchar(255), coupon_name varchar(255) not null, primary key (id)) engine=InnoDB
Hibernate: create table coupon_policy (discount_amount decimal(38,2), discount_percent decimal(38,2), max_discount_amount decimal(38,2), min_order_amount decimal(38,2) not null, create_at datetime(6), id bigint not null auto_increment, update_at datetime(6), code varchar(30) not null, status enum ('ACTIVE','INACTIVE') not null, primary key (id)) engine=InnoDB
Hibernate: create table member (birth date, id bigint not null auto_increment, email varchar(255), name varchar(255), primary key (id)) engine=InnoDB
Hibernate: create table member_coupon (expires_at date, issued_at date, used bit not null, used_at date, coupon_id bigint, id bigint not null auto_increment, member_id bigint, primary key (id)) engine=InnoDB
Hibernate: create table order_item (discount_price decimal(38,2), item_total_price decimal(38,2), packaging_price decimal(38,2), price decimal(38,2), quantity integer not null, book_id bigint not null, member_coupon_id bigint not null, order_id bigint not null, order_item_id bigint not null auto_increment, packaging_id bigint, primary key (order_item_id)) engine=InnoDB
Hibernate: create table orders (discount_price decimal(38,2), final_price decimal(38,2), total_price decimal(38,2), used_point decimal(38,2), delivery_date datetime(6), member_id bigint not null, order_date datetime(6), order_id bigint not null auto_increment, shipping_policy_id bigint, order_number varchar(255), order_status enum ('Cancelled','Delivered','Pending','Returned','Shipped'), primary key (order_id)) engine=InnoDB
Hibernate: create table packaging (active bit, packaging_price decimal(38,2), packaging_id bigint not null auto_increment, packaging_name varchar(255), primary key (packaging_id)) engine=InnoDB
Hibernate: create table return_request (shipping_fee_deducted decimal(38,2), order_order_id bigint, requested_at datetime(6), return_id bigint not null auto_increment, returned_at datetime(6), member_id varchar(255), return_reason enum ('Change_Mind','Defective_Item','Item_Damaged','Other'), status enum ('Approved','Refunded','Rejected','Requested'), primary key (return_id)) engine=InnoDB
Hibernate: create table shipping_policies (active bit not null, fee decimal(38,2), min_amount decimal(38,2), shipping_policy_id bigint not null auto_increment, primary key (shipping_policy_id)) engine=InnoDB
Hibernate: alter table coupon_policy add constraint UKnpttrlxsqr1ww4km29dg6dk9b unique (code)
Hibernate: alter table return_request add constraint UK9jnn186v35nv92fwuuqo730kh unique (order_order_id)
Hibernate: alter table coupon add constraint FKhhd12tmniqm73fvgl8j8uu26r foreign key (policy_id) references coupon_policy (id)
Hibernate: alter table member_coupon add constraint FKkxw7ja7v55gk4a368w3gs6s0j foreign key (coupon_id) references coupon (id)
Hibernate: alter table member_coupon add constraint FKf8n3lu0dfwmhvcikamg220lgg foreign key (member_id) references member (id)
Hibernate: alter table order_item add constraint FKt4dc2r9nbvbujrljv3e23iibt foreign key (order_id) references orders (order_id)
Hibernate: alter table order_item add constraint FKoqdlwbkm9hejq24fnyfa0c38e foreign key (packaging_id) references packaging (packaging_id)
Hibernate: alter table orders add constraint FKlfvs630qjka2fkn8lnljvptka foreign key (shipping_policy_id) references shipping_policies (shipping_policy_id)
Hibernate: alter table return_request add constraint FK8tnm0qj0m3r4jr2l6oaneouu0 foreign key (order_order_id) references orders (order_id)
2025-06-18T16:18:05.617+09:00  INFO 9628 --- [           main] j.LocalContainerEntityManagerFactoryBean : Initialized JPA EntityManagerFactory for persistence unit 'default'
2025-06-18T16:18:05.815+09:00  WARN 9628 --- [           main] JpaBaseConfiguration$JpaWebConfiguration : spring.jpa.open-in-view is enabled by default. Therefore, database queries may be performed during view rendering. Explicitly configure spring.jpa.open-in-view to disable this warning
2025-06-18T16:18:06.008+09:00  INFO 9628 --- [           main] o.s.b.a.e.web.EndpointLinksResolver      : Exposing 1 endpoint beneath base path '/actuator'
2025-06-18T16:18:06.023+09:00  INFO 9628 --- [           main] c.n.i.d.c.service.CouponServiceImplTest  : Started CouponServiceImplTest in 1.33 seconds (process running for 7.874)
Hibernate: select cp1_0.id,cp1_0.code,cp1_0.create_at,cp1_0.discount_amount,cp1_0.discount_percent,cp1_0.max_discount_amount,cp1_0.min_order_amount,cp1_0.status,cp1_0.update_at from coupon_policy cp1_0
Hibernate: insert into coupon_policy (code,create_at,discount_amount,discount_percent,max_discount_amount,min_order_amount,status,update_at) values (?,?,?,?,?,?,?,?)
Hibernate: insert into coupon_policy (code,create_at,discount_amount,discount_percent,max_discount_amount,min_order_amount,status,update_at) values (?,?,?,?,?,?,?,?)
Hibernate: select cp1_0.id,cp1_0.code,cp1_0.create_at,cp1_0.discount_amount,cp1_0.discount_percent,cp1_0.max_discount_amount,cp1_0.min_order_amount,cp1_0.status,cp1_0.update_at from coupon_policy cp1_0 where cp1_0.code=?
Hibernate: insert into coupon (comment,coupon_name,coupon_type,issue_count,policy_id,valid_from,valid_to) values (?,?,?,?,?,?,?)
Hibernate: select c1_0.id,c1_0.comment,c1_0.coupon_name,c1_0.coupon_type,c1_0.issue_count,c1_0.policy_id,c1_0.valid_from,c1_0.valid_to from coupon c1_0 left join coupon_policy p1_0 on p1_0.id=c1_0.policy_id where p1_0.code=?
]]></system-out>
  </testcase>
  <testcase name="getCouponsByTypeTest" classname="com.nhnacademy.illuwa.domain.coupon.service.CouponServiceImplTest" time="0.042">
    <system-out><![CDATA[Hibernate: select cp1_0.id,cp1_0.code,cp1_0.create_at,cp1_0.discount_amount,cp1_0.discount_percent,cp1_0.max_discount_amount,cp1_0.min_order_amount,cp1_0.status,cp1_0.update_at from coupon_policy cp1_0
Hibernate: insert into coupon_policy (code,create_at,discount_amount,discount_percent,max_discount_amount,min_order_amount,status,update_at) values (?,?,?,?,?,?,?,?)
Hibernate: insert into coupon_policy (code,create_at,discount_amount,discount_percent,max_discount_amount,min_order_amount,status,update_at) values (?,?,?,?,?,?,?,?)
Hibernate: select cp1_0.id,cp1_0.code,cp1_0.create_at,cp1_0.discount_amount,cp1_0.discount_percent,cp1_0.max_discount_amount,cp1_0.min_order_amount,cp1_0.status,cp1_0.update_at from coupon_policy cp1_0 where cp1_0.code=?
Hibernate: insert into coupon (comment,coupon_name,coupon_type,issue_count,policy_id,valid_from,valid_to) values (?,?,?,?,?,?,?)
Hibernate: select c1_0.id,c1_0.comment,c1_0.coupon_name,c1_0.coupon_type,c1_0.issue_count,c1_0.policy_id,c1_0.valid_from,c1_0.valid_to from coupon c1_0 where c1_0.coupon_type=?
]]></system-out>
  </testcase>
  <testcase name="deleteCouponTest" classname="com.nhnacademy.illuwa.domain.coupon.service.CouponServiceImplTest" time="0.051">
    <system-out><![CDATA[Hibernate: select cp1_0.id,cp1_0.code,cp1_0.create_at,cp1_0.discount_amount,cp1_0.discount_percent,cp1_0.max_discount_amount,cp1_0.min_order_amount,cp1_0.status,cp1_0.update_at from coupon_policy cp1_0
Hibernate: insert into coupon_policy (code,create_at,discount_amount,discount_percent,max_discount_amount,min_order_amount,status,update_at) values (?,?,?,?,?,?,?,?)
Hibernate: insert into coupon_policy (code,create_at,discount_amount,discount_percent,max_discount_amount,min_order_amount,status,update_at) values (?,?,?,?,?,?,?,?)
Hibernate: select cp1_0.id,cp1_0.code,cp1_0.create_at,cp1_0.discount_amount,cp1_0.discount_percent,cp1_0.max_discount_amount,cp1_0.min_order_amount,cp1_0.status,cp1_0.update_at from coupon_policy cp1_0 where cp1_0.code=?
Hibernate: insert into coupon (comment,coupon_name,coupon_type,issue_count,policy_id,valid_from,valid_to) values (?,?,?,?,?,?,?)
Hibernate: select c1_0.id,c1_0.comment,c1_0.coupon_name,c1_0.coupon_type,c1_0.issue_count,c1_0.policy_id,c1_0.valid_from,c1_0.valid_to from coupon c1_0 where c1_0.coupon_name=?
]]></system-out>
  </testcase>
  <testcase name="createCouponWithInvalidPolicyCodeTest" classname="com.nhnacademy.illuwa.domain.coupon.service.CouponServiceImplTest" time="0.033">
    <system-out><![CDATA[Hibernate: select cp1_0.id,cp1_0.code,cp1_0.create_at,cp1_0.discount_amount,cp1_0.discount_percent,cp1_0.max_discount_amount,cp1_0.min_order_amount,cp1_0.status,cp1_0.update_at from coupon_policy cp1_0
Hibernate: insert into coupon_policy (code,create_at,discount_amount,discount_percent,max_discount_amount,min_order_amount,status,update_at) values (?,?,?,?,?,?,?,?)
Hibernate: insert into coupon_policy (code,create_at,discount_amount,discount_percent,max_discount_amount,min_order_amount,status,update_at) values (?,?,?,?,?,?,?,?)
Hibernate: select cp1_0.id,cp1_0.code,cp1_0.create_at,cp1_0.discount_amount,cp1_0.discount_percent,cp1_0.max_discount_amount,cp1_0.min_order_amount,cp1_0.status,cp1_0.update_at from coupon_policy cp1_0 where cp1_0.code=?
]]></system-out>
  </testcase>
  <testcase name="updateCouponTest" classname="com.nhnacademy.illuwa.domain.coupon.service.CouponServiceImplTest" time="0.038">
    <system-out><![CDATA[Hibernate: select cp1_0.id,cp1_0.code,cp1_0.create_at,cp1_0.discount_amount,cp1_0.discount_percent,cp1_0.max_discount_amount,cp1_0.min_order_amount,cp1_0.status,cp1_0.update_at from coupon_policy cp1_0
Hibernate: insert into coupon_policy (code,create_at,discount_amount,discount_percent,max_discount_amount,min_order_amount,status,update_at) values (?,?,?,?,?,?,?,?)
Hibernate: insert into coupon_policy (code,create_at,discount_amount,discount_percent,max_discount_amount,min_order_amount,status,update_at) values (?,?,?,?,?,?,?,?)
Hibernate: select cp1_0.id,cp1_0.code,cp1_0.create_at,cp1_0.discount_amount,cp1_0.discount_percent,cp1_0.max_discount_amount,cp1_0.min_order_amount,cp1_0.status,cp1_0.update_at from coupon_policy cp1_0 where cp1_0.code=?
Hibernate: insert into coupon (comment,coupon_name,coupon_type,issue_count,policy_id,valid_from,valid_to) values (?,?,?,?,?,?,?)
Hibernate: select c1_0.id,c1_0.comment,c1_0.coupon_name,c1_0.coupon_type,c1_0.issue_count,c1_0.policy_id,c1_0.valid_from,c1_0.valid_to from coupon c1_0 where c1_0.coupon_name=?
]]></system-out>
  </testcase>
  <testcase name="getCouponByPolicyCodeTest" classname="com.nhnacademy.illuwa.domain.coupon.service.CouponServiceImplTest" time="0.041">
    <system-out><![CDATA[Hibernate: select cp1_0.id,cp1_0.code,cp1_0.create_at,cp1_0.discount_amount,cp1_0.discount_percent,cp1_0.max_discount_amount,cp1_0.min_order_amount,cp1_0.status,cp1_0.update_at from coupon_policy cp1_0
Hibernate: insert into coupon_policy (code,create_at,discount_amount,discount_percent,max_discount_amount,min_order_amount,status,update_at) values (?,?,?,?,?,?,?,?)
Hibernate: insert into coupon_policy (code,create_at,discount_amount,discount_percent,max_discount_amount,min_order_amount,status,update_at) values (?,?,?,?,?,?,?,?)
Hibernate: select cp1_0.id,cp1_0.code,cp1_0.create_at,cp1_0.discount_amount,cp1_0.discount_percent,cp1_0.max_discount_amount,cp1_0.min_order_amount,cp1_0.status,cp1_0.update_at from coupon_policy cp1_0 where cp1_0.code=?
Hibernate: insert into coupon (comment,coupon_name,coupon_type,issue_count,policy_id,valid_from,valid_to) values (?,?,?,?,?,?,?)
Hibernate: select c1_0.id,c1_0.comment,c1_0.coupon_name,c1_0.coupon_type,c1_0.issue_count,c1_0.policy_id,c1_0.valid_from,c1_0.valid_to from coupon c1_0 left join coupon_policy p1_0 on p1_0.id=c1_0.policy_id where p1_0.code=?
]]></system-out>
  </testcase>
  <testcase name="getCouponByInvalidIdTest" classname="com.nhnacademy.illuwa.domain.coupon.service.CouponServiceImplTest" time="0.034">
    <system-out><![CDATA[Hibernate: select cp1_0.id,cp1_0.code,cp1_0.create_at,cp1_0.discount_amount,cp1_0.discount_percent,cp1_0.max_discount_amount,cp1_0.min_order_amount,cp1_0.status,cp1_0.update_at from coupon_policy cp1_0
Hibernate: insert into coupon_policy (code,create_at,discount_amount,discount_percent,max_discount_amount,min_order_amount,status,update_at) values (?,?,?,?,?,?,?,?)
Hibernate: insert into coupon_policy (code,create_at,discount_amount,discount_percent,max_discount_amount,min_order_amount,status,update_at) values (?,?,?,?,?,?,?,?)
Hibernate: select c1_0.id,c1_0.comment,c1_0.coupon_name,c1_0.coupon_type,c1_0.issue_count,p1_0.id,p1_0.code,p1_0.create_at,p1_0.discount_amount,p1_0.discount_percent,p1_0.max_discount_amount,p1_0.min_order_amount,p1_0.status,p1_0.update_at,c1_0.valid_from,c1_0.valid_to from coupon c1_0 left join coupon_policy p1_0 on p1_0.id=c1_0.policy_id where c1_0.id=?
]]></system-out>
  </testcase>
  <testcase name="getAllCouponsTest" classname="com.nhnacademy.illuwa.domain.coupon.service.CouponServiceImplTest" time="0.05">
    <system-out><![CDATA[Hibernate: select cp1_0.id,cp1_0.code,cp1_0.create_at,cp1_0.discount_amount,cp1_0.discount_percent,cp1_0.max_discount_amount,cp1_0.min_order_amount,cp1_0.status,cp1_0.update_at from coupon_policy cp1_0
Hibernate: insert into coupon_policy (code,create_at,discount_amount,discount_percent,max_discount_amount,min_order_amount,status,update_at) values (?,?,?,?,?,?,?,?)
Hibernate: insert into coupon_policy (code,create_at,discount_amount,discount_percent,max_discount_amount,min_order_amount,status,update_at) values (?,?,?,?,?,?,?,?)
Hibernate: select cp1_0.id,cp1_0.code,cp1_0.create_at,cp1_0.discount_amount,cp1_0.discount_percent,cp1_0.max_discount_amount,cp1_0.min_order_amount,cp1_0.status,cp1_0.update_at from coupon_policy cp1_0 where cp1_0.code=?
Hibernate: insert into coupon (comment,coupon_name,coupon_type,issue_count,policy_id,valid_from,valid_to) values (?,?,?,?,?,?,?)
Hibernate: select cp1_0.id,cp1_0.code,cp1_0.create_at,cp1_0.discount_amount,cp1_0.discount_percent,cp1_0.max_discount_amount,cp1_0.min_order_amount,cp1_0.status,cp1_0.update_at from coupon_policy cp1_0 where cp1_0.code=?
Hibernate: insert into coupon (comment,coupon_name,coupon_type,issue_count,policy_id,valid_from,valid_to) values (?,?,?,?,?,?,?)
Hibernate: select c1_0.id,c1_0.comment,c1_0.coupon_name,c1_0.coupon_type,c1_0.issue_count,c1_0.policy_id,c1_0.valid_from,c1_0.valid_to from coupon c1_0
]]></system-out>
  </testcase>
  <testcase name="createCouponWithInactivePolicyTest" classname="com.nhnacademy.illuwa.domain.coupon.service.CouponServiceImplTest" time="0.035">
    <system-out><![CDATA[Hibernate: select cp1_0.id,cp1_0.code,cp1_0.create_at,cp1_0.discount_amount,cp1_0.discount_percent,cp1_0.max_discount_amount,cp1_0.min_order_amount,cp1_0.status,cp1_0.update_at from coupon_policy cp1_0
Hibernate: insert into coupon_policy (code,create_at,discount_amount,discount_percent,max_discount_amount,min_order_amount,status,update_at) values (?,?,?,?,?,?,?,?)
Hibernate: insert into coupon_policy (code,create_at,discount_amount,discount_percent,max_discount_amount,min_order_amount,status,update_at) values (?,?,?,?,?,?,?,?)
Hibernate: insert into coupon_policy (code,create_at,discount_amount,discount_percent,max_discount_amount,min_order_amount,status,update_at) values (?,?,?,?,?,?,?,?)
Hibernate: select cp1_0.id,cp1_0.code,cp1_0.create_at,cp1_0.discount_amount,cp1_0.discount_percent,cp1_0.max_discount_amount,cp1_0.min_order_amount,cp1_0.status,cp1_0.update_at from coupon_policy cp1_0 where cp1_0.code=?
]]></system-out>
  </testcase>
  <testcase name="getCouponsByNameTest" classname="com.nhnacademy.illuwa.domain.coupon.service.CouponServiceImplTest" time="0.04">
    <system-out><![CDATA[Hibernate: select cp1_0.id,cp1_0.code,cp1_0.create_at,cp1_0.discount_amount,cp1_0.discount_percent,cp1_0.max_discount_amount,cp1_0.min_order_amount,cp1_0.status,cp1_0.update_at from coupon_policy cp1_0
Hibernate: insert into coupon_policy (code,create_at,discount_amount,discount_percent,max_discount_amount,min_order_amount,status,update_at) values (?,?,?,?,?,?,?,?)
Hibernate: insert into coupon_policy (code,create_at,discount_amount,discount_percent,max_discount_amount,min_order_amount,status,update_at) values (?,?,?,?,?,?,?,?)
Hibernate: select cp1_0.id,cp1_0.code,cp1_0.create_at,cp1_0.discount_amount,cp1_0.discount_percent,cp1_0.max_discount_amount,cp1_0.min_order_amount,cp1_0.status,cp1_0.update_at from coupon_policy cp1_0 where cp1_0.code=?
Hibernate: insert into coupon (comment,coupon_name,coupon_type,issue_count,policy_id,valid_from,valid_to) values (?,?,?,?,?,?,?)
Hibernate: select c1_0.id,c1_0.comment,c1_0.coupon_name,c1_0.coupon_type,c1_0.issue_count,c1_0.policy_id,c1_0.valid_from,c1_0.valid_to from coupon c1_0 where c1_0.coupon_name=?
]]></system-out>
  </testcase>
</testsuite>