<?xml version="1.0" encoding="UTF-8"?>
<testsuite xmlns:xsi="http://www.w3.org/2001/XMLSchema-instance" xsi:noNamespaceSchemaLocation="https://maven.apache.org/surefire/maven-surefire-plugin/xsd/surefire-test-report.xsd" version="3.0.2" name="com.nhnacademy.illuwa.domain.order.service.impl.PackagingServiceTest" time="0.307" tests="5" errors="0" skipped="0" failures="0">
  <properties>
    <property name="java.specification.version" value="21"/>
    <property name="sun.jnu.encoding" value="UTF-8"/>
    <property name="java.class.path" value="/Users/chosun-nhn31/Documents/bookstore-order-service/target/test-classes:/Users/chosun-nhn31/Documents/bookstore-order-service/target/classes:/Users/chosun-nhn31/.m2/repository/org/springframework/boot/spring-boot-starter-actuator/3.4.5/spring-boot-starter-actuator-3.4.5.jar:/Users/chosun-nhn31/.m2/repository/org/springframework/boot/spring-boot-starter/3.4.5/spring-boot-starter-3.4.5.jar:/Users/chosun-nhn31/.m2/repository/org/springframework/boot/spring-boot-starter-logging/3.4.5/spring-boot-starter-logging-3.4.5.jar:/Users/chosun-nhn31/.m2/repository/ch/qos/logback/logback-classic/1.5.18/logback-classic-1.5.18.jar:/Users/chosun-nhn31/.m2/repository/ch/qos/logback/logback-core/1.5.18/logback-core-1.5.18.jar:/Users/chosun-nhn31/.m2/repository/org/apache/logging/log4j/log4j-to-slf4j/2.24.3/log4j-to-slf4j-2.24.3.jar:/Users/chosun-nhn31/.m2/repository/org/apache/logging/log4j/log4j-api/2.24.3/log4j-api-2.24.3.jar:/Users/chosun-nhn31/.m2/repository/org/slf4j/jul-to-slf4j/2.0.17/jul-to-slf4j-2.0.17.jar:/Users/chosun-nhn31/.m2/repository/jakarta/annotation/jakarta.annotation-api/2.1.1/jakarta.annotation-api-2.1.1.jar:/Users/chosun-nhn31/.m2/repository/org/yaml/snakeyaml/2.3/snakeyaml-2.3.jar:/Users/chosun-nhn31/.m2/repository/org/springframework/boot/spring-boot-actuator-autoconfigure/3.4.5/spring-boot-actuator-autoconfigure-3.4.5.jar:/Users/chosun-nhn31/.m2/repository/org/springframework/boot/spring-boot-actuator/3.4.5/spring-boot-actuator-3.4.5.jar:/Users/chosun-nhn31/.m2/repository/com/fasterxml/jackson/core/jackson-databind/2.18.3/jackson-databind-2.18.3.jar:/Users/chosun-nhn31/.m2/repository/com/fasterxml/jackson/core/jackson-annotations/2.18.3/jackson-annotations-2.18.3.jar:/Users/chosun-nhn31/.m2/repository/com/fasterxml/jackson/core/jackson-core/2.18.3/jackson-core-2.18.3.jar:/Users/chosun-nhn31/.m2/repository/com/fasterxml/jackson/datatype/jackson-datatype-jsr310/2.18.3/jackson-datatype-jsr310-2.18.3.jar:/Users/chosun-nhn31/.m2/repository/io/micrometer/micrometer-observation/1.14.6/micrometer-observation-1.14.6.jar:/Users/chosun-nhn31/.m2/repository/io/micrometer/micrometer-commons/1.14.6/micrometer-commons-1.14.6.jar:/Users/chosun-nhn31/.m2/repository/io/micrometer/micrometer-jakarta9/1.14.6/micrometer-jakarta9-1.14.6.jar:/Users/chosun-nhn31/.m2/repository/io/micrometer/micrometer-core/1.14.6/micrometer-core-1.14.6.jar:/Users/chosun-nhn31/.m2/repository/org/hdrhistogram/HdrHistogram/2.2.2/HdrHistogram-2.2.2.jar:/Users/chosun-nhn31/.m2/repository/org/latencyutils/LatencyUtils/2.0.3/LatencyUtils-2.0.3.jar:/Users/chosun-nhn31/.m2/repository/org/springframework/boot/spring-boot-starter-data-jpa/3.4.5/spring-boot-starter-data-jpa-3.4.5.jar:/Users/chosun-nhn31/.m2/repository/org/springframework/boot/spring-boot-starter-jdbc/3.4.5/spring-boot-starter-jdbc-3.4.5.jar:/Users/chosun-nhn31/.m2/repository/com/zaxxer/HikariCP/5.1.0/HikariCP-5.1.0.jar:/Users/chosun-nhn31/.m2/repository/org/springframework/spring-jdbc/6.2.6/spring-jdbc-6.2.6.jar:/Users/chosun-nhn31/.m2/repository/org/hibernate/orm/hibernate-core/6.6.13.Final/hibernate-core-6.6.13.Final.jar:/Users/chosun-nhn31/.m2/repository/org/jboss/logging/jboss-logging/3.6.1.Final/jboss-logging-3.6.1.Final.jar:/Users/chosun-nhn31/.m2/repository/org/hibernate/common/hibernate-commons-annotations/7.0.3.Final/hibernate-commons-annotations-7.0.3.Final.jar:/Users/chosun-nhn31/.m2/repository/io/smallrye/jandex/3.2.0/jandex-3.2.0.jar:/Users/chosun-nhn31/.m2/repository/com/fasterxml/classmate/1.7.0/classmate-1.7.0.jar:/Users/chosun-nhn31/.m2/repository/net/bytebuddy/byte-buddy/1.15.11/byte-buddy-1.15.11.jar:/Users/chosun-nhn31/.m2/repository/org/glassfish/jaxb/jaxb-runtime/4.0.5/jaxb-runtime-4.0.5.jar:/Users/chosun-nhn31/.m2/repository/org/glassfish/jaxb/jaxb-core/4.0.5/jaxb-core-4.0.5.jar:/Users/chosun-nhn31/.m2/repository/org/eclipse/angus/angus-activation/2.0.2/angus-activation-2.0.2.jar:/Users/chosun-nhn31/.m2/repository/org/glassfish/jaxb/txw2/4.0.5/txw2-4.0.5.jar:/Users/chosun-nhn31/.m2/repository/com/sun/istack/istack-commons-runtime/4.1.2/istack-commons-runtime-4.1.2.jar:/Users/chosun-nhn31/.m2/repository/jakarta/inject/jakarta.inject-api/2.0.1/jakarta.inject-api-2.0.1.jar:/Users/chosun-nhn31/.m2/repository/org/antlr/antlr4-runtime/4.13.0/antlr4-runtime-4.13.0.jar:/Users/chosun-nhn31/.m2/repository/org/springframework/data/spring-data-jpa/3.4.5/spring-data-jpa-3.4.5.jar:/Users/chosun-nhn31/.m2/repository/org/springframework/data/spring-data-commons/3.4.5/spring-data-commons-3.4.5.jar:/Users/chosun-nhn31/.m2/repository/org/springframework/spring-orm/6.2.6/spring-orm-6.2.6.jar:/Users/chosun-nhn31/.m2/repository/org/springframework/spring-context/6.2.6/spring-context-6.2.6.jar:/Users/chosun-nhn31/.m2/repository/org/springframework/spring-tx/6.2.6/spring-tx-6.2.6.jar:/Users/chosun-nhn31/.m2/repository/org/springframework/spring-beans/6.2.6/spring-beans-6.2.6.jar:/Users/chosun-nhn31/.m2/repository/org/slf4j/slf4j-api/2.0.17/slf4j-api-2.0.17.jar:/Users/chosun-nhn31/.m2/repository/org/springframework/spring-aspects/6.2.6/spring-aspects-6.2.6.jar:/Users/chosun-nhn31/.m2/repository/org/springframework/boot/spring-boot-starter-validation/3.4.5/spring-boot-starter-validation-3.4.5.jar:/Users/chosun-nhn31/.m2/repository/org/apache/tomcat/embed/tomcat-embed-el/10.1.40/tomcat-embed-el-10.1.40.jar:/Users/chosun-nhn31/.m2/repository/org/hibernate/validator/hibernate-validator/8.0.2.Final/hibernate-validator-8.0.2.Final.jar:/Users/chosun-nhn31/.m2/repository/jakarta/validation/jakarta.validation-api/3.0.2/jakarta.validation-api-3.0.2.jar:/Users/chosun-nhn31/.m2/repository/org/springframework/boot/spring-boot-starter-web/3.4.5/spring-boot-starter-web-3.4.5.jar:/Users/chosun-nhn31/.m2/repository/org/springframework/boot/spring-boot-starter-json/3.4.5/spring-boot-starter-json-3.4.5.jar:/Users/chosun-nhn31/.m2/repository/com/fasterxml/jackson/datatype/jackson-datatype-jdk8/2.18.3/jackson-datatype-jdk8-2.18.3.jar:/Users/chosun-nhn31/.m2/repository/com/fasterxml/jackson/module/jackson-module-parameter-names/2.18.3/jackson-module-parameter-names-2.18.3.jar:/Users/chosun-nhn31/.m2/repository/org/springframework/boot/spring-boot-starter-tomcat/3.4.5/spring-boot-starter-tomcat-3.4.5.jar:/Users/chosun-nhn31/.m2/repository/org/apache/tomcat/embed/tomcat-embed-core/10.1.40/tomcat-embed-core-10.1.40.jar:/Users/chosun-nhn31/.m2/repository/org/apache/tomcat/embed/tomcat-embed-websocket/10.1.40/tomcat-embed-websocket-10.1.40.jar:/Users/chosun-nhn31/.m2/repository/org/springframework/spring-web/6.2.6/spring-web-6.2.6.jar:/Users/chosun-nhn31/.m2/repository/org/springframework/spring-webmvc/6.2.6/spring-webmvc-6.2.6.jar:/Users/chosun-nhn31/.m2/repository/org/springframework/spring-expression/6.2.6/spring-expression-6.2.6.jar:/Users/chosun-nhn31/.m2/repository/org/springframework/boot/spring-boot-starter-aop/3.4.5/spring-boot-starter-aop-3.4.5.jar:/Users/chosun-nhn31/.m2/repository/org/springframework/spring-aop/6.2.6/spring-aop-6.2.6.jar:/Users/chosun-nhn31/.m2/repository/org/aspectj/aspectjweaver/1.9.24/aspectjweaver-1.9.24.jar:/Users/chosun-nhn31/.m2/repository/org/springframework/boot/spring-boot-devtools/3.4.5/spring-boot-devtools-3.4.5.jar:/Users/chosun-nhn31/.m2/repository/org/springframework/boot/spring-boot/3.4.5/spring-boot-3.4.5.jar:/Users/chosun-nhn31/.m2/repository/org/springframework/boot/spring-boot-autoconfigure/3.4.5/spring-boot-autoconfigure-3.4.5.jar:/Users/chosun-nhn31/.m2/repository/com/h2database/h2/2.3.232/h2-2.3.232.jar:/Users/chosun-nhn31/.m2/repository/org/springframework/boot/spring-boot-configuration-processor/3.4.5/spring-boot-configuration-processor-3.4.5.jar:/Users/chosun-nhn31/.m2/repository/org/projectlombok/lombok/1.18.30/lombok-1.18.30.jar:/Users/chosun-nhn31/.m2/repository/org/springframework/boot/spring-boot-starter-test/3.4.5/spring-boot-starter-test-3.4.5.jar:/Users/chosun-nhn31/.m2/repository/org/springframework/boot/spring-boot-test/3.4.5/spring-boot-test-3.4.5.jar:/Users/chosun-nhn31/.m2/repository/org/springframework/boot/spring-boot-test-autoconfigure/3.4.5/spring-boot-test-autoconfigure-3.4.5.jar:/Users/chosun-nhn31/.m2/repository/com/jayway/jsonpath/json-path/2.9.0/json-path-2.9.0.jar:/Users/chosun-nhn31/.m2/repository/jakarta/xml/bind/jakarta.xml.bind-api/4.0.2/jakarta.xml.bind-api-4.0.2.jar:/Users/chosun-nhn31/.m2/repository/jakarta/activation/jakarta.activation-api/2.1.3/jakarta.activation-api-2.1.3.jar:/Users/chosun-nhn31/.m2/repository/net/minidev/json-smart/2.5.2/json-smart-2.5.2.jar:/Users/chosun-nhn31/.m2/repository/net/minidev/accessors-smart/2.5.2/accessors-smart-2.5.2.jar:/Users/chosun-nhn31/.m2/repository/org/ow2/asm/asm/9.7.1/asm-9.7.1.jar:/Users/chosun-nhn31/.m2/repository/org/assertj/assertj-core/3.26.3/assertj-core-3.26.3.jar:/Users/chosun-nhn31/.m2/repository/org/awaitility/awaitility/4.2.2/awaitility-4.2.2.jar:/Users/chosun-nhn31/.m2/repository/org/hamcrest/hamcrest/2.2/hamcrest-2.2.jar:/Users/chosun-nhn31/.m2/repository/org/junit/jupiter/junit-jupiter/5.11.4/junit-jupiter-5.11.4.jar:/Users/chosun-nhn31/.m2/repository/org/junit/jupiter/junit-jupiter-api/5.11.4/junit-jupiter-api-5.11.4.jar:/Users/chosun-nhn31/.m2/repository/org/opentest4j/opentest4j/1.3.0/opentest4j-1.3.0.jar:/Users/chosun-nhn31/.m2/repository/org/junit/platform/junit-platform-commons/1.11.4/junit-platform-commons-1.11.4.jar:/Users/chosun-nhn31/.m2/repository/org/apiguardian/apiguardian-api/1.1.2/apiguardian-api-1.1.2.jar:/Users/chosun-nhn31/.m2/repository/org/junit/jupiter/junit-jupiter-params/5.11.4/junit-jupiter-params-5.11.4.jar:/Users/chosun-nhn31/.m2/repository/org/junit/jupiter/junit-jupiter-engine/5.11.4/junit-jupiter-engine-5.11.4.jar:/Users/chosun-nhn31/.m2/repository/org/junit/platform/junit-platform-engine/1.11.4/junit-platform-engine-1.11.4.jar:/Users/chosun-nhn31/.m2/repository/org/mockito/mockito-core/5.14.2/mockito-core-5.14.2.jar:/Users/chosun-nhn31/.m2/repository/net/bytebuddy/byte-buddy-agent/1.15.11/byte-buddy-agent-1.15.11.jar:/Users/chosun-nhn31/.m2/repository/org/objenesis/objenesis/3.3/objenesis-3.3.jar:/Users/chosun-nhn31/.m2/repository/org/mockito/mockito-junit-jupiter/5.14.2/mockito-junit-jupiter-5.14.2.jar:/Users/chosun-nhn31/.m2/repository/org/skyscreamer/jsonassert/1.5.3/jsonassert-1.5.3.jar:/Users/chosun-nhn31/.m2/repository/com/vaadin/external/google/android-json/0.0.20131108.vaadin1/android-json-0.0.20131108.vaadin1.jar:/Users/chosun-nhn31/.m2/repository/org/springframework/spring-core/6.2.6/spring-core-6.2.6.jar:/Users/chosun-nhn31/.m2/repository/org/springframework/spring-jcl/6.2.6/spring-jcl-6.2.6.jar:/Users/chosun-nhn31/.m2/repository/org/springframework/spring-test/6.2.6/spring-test-6.2.6.jar:/Users/chosun-nhn31/.m2/repository/org/xmlunit/xmlunit-core/2.10.0/xmlunit-core-2.10.0.jar:/Users/chosun-nhn31/.m2/repository/org/apache/commons/commons-dbcp2/2.11.0/commons-dbcp2-2.11.0.jar:/Users/chosun-nhn31/.m2/repository/org/apache/commons/commons-pool2/2.12.1/commons-pool2-2.12.1.jar:/Users/chosun-nhn31/.m2/repository/jakarta/transaction/jakarta.transaction-api/2.0.1/jakarta.transaction-api-2.0.1.jar:/Users/chosun-nhn31/.m2/repository/com/mysql/mysql-connector-j/8.0.33/mysql-connector-j-8.0.33.jar:/Users/chosun-nhn31/.m2/repository/com/querydsl/querydsl-jpa/5.1.0/querydsl-jpa-5.1.0-jakarta.jar:/Users/chosun-nhn31/.m2/repository/com/querydsl/querydsl-core/5.1.0/querydsl-core-5.1.0.jar:/Users/chosun-nhn31/.m2/repository/com/mysema/commons/mysema-commons-lang/0.2.4/mysema-commons-lang-0.2.4.jar:/Users/chosun-nhn31/.m2/repository/com/querydsl/querydsl-apt/5.1.0/querydsl-apt-5.1.0-jakarta.jar:/Users/chosun-nhn31/.m2/repository/com/querydsl/querydsl-codegen/5.1.0/querydsl-codegen-5.1.0.jar:/Users/chosun-nhn31/.m2/repository/com/querydsl/codegen-utils/5.1.0/codegen-utils-5.1.0.jar:/Users/chosun-nhn31/.m2/repository/org/eclipse/jdt/ecj/3.26.0/ecj-3.26.0.jar:/Users/chosun-nhn31/.m2/repository/javax/inject/javax.inject/1/javax.inject-1.jar:/Users/chosun-nhn31/.m2/repository/io/github/classgraph/classgraph/4.8.146/classgraph-4.8.146.jar:/Users/chosun-nhn31/.m2/repository/jakarta/persistence/jakarta.persistence-api/3.1.0/jakarta.persistence-api-3.1.0.jar:"/>
    <property name="java.vm.vendor" value="Eclipse Adoptium"/>
    <property name="sun.arch.data.model" value="64"/>
    <property name="java.vendor.url" value="https://adoptium.net/"/>
    <property name="user.timezone" value="Asia/Seoul"/>
    <property name="org.jboss.logging.provider" value="slf4j"/>
    <property name="os.name" value="Mac OS X"/>
    <property name="java.vm.specification.version" value="21"/>
    <property name="sun.java.launcher" value="SUN_STANDARD"/>
    <property name="user.country" value="KR"/>
    <property name="sun.boot.library.path" value="/Users/chosun-nhn31/Library/Java/JavaVirtualMachines/temurin-21.0.6/Contents/Home/lib"/>
    <property name="sun.java.command" value="/Users/chosun-nhn31/Documents/bookstore-order-service/target/surefire/surefirebooter-20250620172829332_3.jar /Users/chosun-nhn31/Documents/bookstore-order-service/target/surefire 2025-06-20T17-28-29_292-jvmRun1 surefire-20250620172829332_1tmp surefire_0-20250620172829332_2tmp"/>
    <property name="http.nonProxyHosts" value="local|*.local|169.254/16|*.169.254/16|lx.astxsvc.com|*.lx.astxsvc.com|127.0.0.1:16105|*.127.0.0.1:16105|lx.astxsvc.com|*.lx.astxsvc.com"/>
    <property name="jdk.debug" value="release"/>
    <property name="surefire.test.class.path" value="/Users/chosun-nhn31/Documents/bookstore-order-service/target/test-classes:/Users/chosun-nhn31/Documents/bookstore-order-service/target/classes:/Users/chosun-nhn31/.m2/repository/org/springframework/boot/spring-boot-starter-actuator/3.4.5/spring-boot-starter-actuator-3.4.5.jar:/Users/chosun-nhn31/.m2/repository/org/springframework/boot/spring-boot-starter/3.4.5/spring-boot-starter-3.4.5.jar:/Users/chosun-nhn31/.m2/repository/org/springframework/boot/spring-boot-starter-logging/3.4.5/spring-boot-starter-logging-3.4.5.jar:/Users/chosun-nhn31/.m2/repository/ch/qos/logback/logback-classic/1.5.18/logback-classic-1.5.18.jar:/Users/chosun-nhn31/.m2/repository/ch/qos/logback/logback-core/1.5.18/logback-core-1.5.18.jar:/Users/chosun-nhn31/.m2/repository/org/apache/logging/log4j/log4j-to-slf4j/2.24.3/log4j-to-slf4j-2.24.3.jar:/Users/chosun-nhn31/.m2/repository/org/apache/logging/log4j/log4j-api/2.24.3/log4j-api-2.24.3.jar:/Users/chosun-nhn31/.m2/repository/org/slf4j/jul-to-slf4j/2.0.17/jul-to-slf4j-2.0.17.jar:/Users/chosun-nhn31/.m2/repository/jakarta/annotation/jakarta.annotation-api/2.1.1/jakarta.annotation-api-2.1.1.jar:/Users/chosun-nhn31/.m2/repository/org/yaml/snakeyaml/2.3/snakeyaml-2.3.jar:/Users/chosun-nhn31/.m2/repository/org/springframework/boot/spring-boot-actuator-autoconfigure/3.4.5/spring-boot-actuator-autoconfigure-3.4.5.jar:/Users/chosun-nhn31/.m2/repository/org/springframework/boot/spring-boot-actuator/3.4.5/spring-boot-actuator-3.4.5.jar:/Users/chosun-nhn31/.m2/repository/com/fasterxml/jackson/core/jackson-databind/2.18.3/jackson-databind-2.18.3.jar:/Users/chosun-nhn31/.m2/repository/com/fasterxml/jackson/core/jackson-annotations/2.18.3/jackson-annotations-2.18.3.jar:/Users/chosun-nhn31/.m2/repository/com/fasterxml/jackson/core/jackson-core/2.18.3/jackson-core-2.18.3.jar:/Users/chosun-nhn31/.m2/repository/com/fasterxml/jackson/datatype/jackson-datatype-jsr310/2.18.3/jackson-datatype-jsr310-2.18.3.jar:/Users/chosun-nhn31/.m2/repository/io/micrometer/micrometer-observation/1.14.6/micrometer-observation-1.14.6.jar:/Users/chosun-nhn31/.m2/repository/io/micrometer/micrometer-commons/1.14.6/micrometer-commons-1.14.6.jar:/Users/chosun-nhn31/.m2/repository/io/micrometer/micrometer-jakarta9/1.14.6/micrometer-jakarta9-1.14.6.jar:/Users/chosun-nhn31/.m2/repository/io/micrometer/micrometer-core/1.14.6/micrometer-core-1.14.6.jar:/Users/chosun-nhn31/.m2/repository/org/hdrhistogram/HdrHistogram/2.2.2/HdrHistogram-2.2.2.jar:/Users/chosun-nhn31/.m2/repository/org/latencyutils/LatencyUtils/2.0.3/LatencyUtils-2.0.3.jar:/Users/chosun-nhn31/.m2/repository/org/springframework/boot/spring-boot-starter-data-jpa/3.4.5/spring-boot-starter-data-jpa-3.4.5.jar:/Users/chosun-nhn31/.m2/repository/org/springframework/boot/spring-boot-starter-jdbc/3.4.5/spring-boot-starter-jdbc-3.4.5.jar:/Users/chosun-nhn31/.m2/repository/com/zaxxer/HikariCP/5.1.0/HikariCP-5.1.0.jar:/Users/chosun-nhn31/.m2/repository/org/springframework/spring-jdbc/6.2.6/spring-jdbc-6.2.6.jar:/Users/chosun-nhn31/.m2/repository/org/hibernate/orm/hibernate-core/6.6.13.Final/hibernate-core-6.6.13.Final.jar:/Users/chosun-nhn31/.m2/repository/org/jboss/logging/jboss-logging/3.6.1.Final/jboss-logging-3.6.1.Final.jar:/Users/chosun-nhn31/.m2/repository/org/hibernate/common/hibernate-commons-annotations/7.0.3.Final/hibernate-commons-annotations-7.0.3.Final.jar:/Users/chosun-nhn31/.m2/repository/io/smallrye/jandex/3.2.0/jandex-3.2.0.jar:/Users/chosun-nhn31/.m2/repository/com/fasterxml/classmate/1.7.0/classmate-1.7.0.jar:/Users/chosun-nhn31/.m2/repository/net/bytebuddy/byte-buddy/1.15.11/byte-buddy-1.15.11.jar:/Users/chosun-nhn31/.m2/repository/org/glassfish/jaxb/jaxb-runtime/4.0.5/jaxb-runtime-4.0.5.jar:/Users/chosun-nhn31/.m2/repository/org/glassfish/jaxb/jaxb-core/4.0.5/jaxb-core-4.0.5.jar:/Users/chosun-nhn31/.m2/repository/org/eclipse/angus/angus-activation/2.0.2/angus-activation-2.0.2.jar:/Users/chosun-nhn31/.m2/repository/org/glassfish/jaxb/txw2/4.0.5/txw2-4.0.5.jar:/Users/chosun-nhn31/.m2/repository/com/sun/istack/istack-commons-runtime/4.1.2/istack-commons-runtime-4.1.2.jar:/Users/chosun-nhn31/.m2/repository/jakarta/inject/jakarta.inject-api/2.0.1/jakarta.inject-api-2.0.1.jar:/Users/chosun-nhn31/.m2/repository/org/antlr/antlr4-runtime/4.13.0/antlr4-runtime-4.13.0.jar:/Users/chosun-nhn31/.m2/repository/org/springframework/data/spring-data-jpa/3.4.5/spring-data-jpa-3.4.5.jar:/Users/chosun-nhn31/.m2/repository/org/springframework/data/spring-data-commons/3.4.5/spring-data-commons-3.4.5.jar:/Users/chosun-nhn31/.m2/repository/org/springframework/spring-orm/6.2.6/spring-orm-6.2.6.jar:/Users/chosun-nhn31/.m2/repository/org/springframework/spring-context/6.2.6/spring-context-6.2.6.jar:/Users/chosun-nhn31/.m2/repository/org/springframework/spring-tx/6.2.6/spring-tx-6.2.6.jar:/Users/chosun-nhn31/.m2/repository/org/springframework/spring-beans/6.2.6/spring-beans-6.2.6.jar:/Users/chosun-nhn31/.m2/repository/org/slf4j/slf4j-api/2.0.17/slf4j-api-2.0.17.jar:/Users/chosun-nhn31/.m2/repository/org/springframework/spring-aspects/6.2.6/spring-aspects-6.2.6.jar:/Users/chosun-nhn31/.m2/repository/org/springframework/boot/spring-boot-starter-validation/3.4.5/spring-boot-starter-validation-3.4.5.jar:/Users/chosun-nhn31/.m2/repository/org/apache/tomcat/embed/tomcat-embed-el/10.1.40/tomcat-embed-el-10.1.40.jar:/Users/chosun-nhn31/.m2/repository/org/hibernate/validator/hibernate-validator/8.0.2.Final/hibernate-validator-8.0.2.Final.jar:/Users/chosun-nhn31/.m2/repository/jakarta/validation/jakarta.validation-api/3.0.2/jakarta.validation-api-3.0.2.jar:/Users/chosun-nhn31/.m2/repository/org/springframework/boot/spring-boot-starter-web/3.4.5/spring-boot-starter-web-3.4.5.jar:/Users/chosun-nhn31/.m2/repository/org/springframework/boot/spring-boot-starter-json/3.4.5/spring-boot-starter-json-3.4.5.jar:/Users/chosun-nhn31/.m2/repository/com/fasterxml/jackson/datatype/jackson-datatype-jdk8/2.18.3/jackson-datatype-jdk8-2.18.3.jar:/Users/chosun-nhn31/.m2/repository/com/fasterxml/jackson/module/jackson-module-parameter-names/2.18.3/jackson-module-parameter-names-2.18.3.jar:/Users/chosun-nhn31/.m2/repository/org/springframework/boot/spring-boot-starter-tomcat/3.4.5/spring-boot-starter-tomcat-3.4.5.jar:/Users/chosun-nhn31/.m2/repository/org/apache/tomcat/embed/tomcat-embed-core/10.1.40/tomcat-embed-core-10.1.40.jar:/Users/chosun-nhn31/.m2/repository/org/apache/tomcat/embed/tomcat-embed-websocket/10.1.40/tomcat-embed-websocket-10.1.40.jar:/Users/chosun-nhn31/.m2/repository/org/springframework/spring-web/6.2.6/spring-web-6.2.6.jar:/Users/chosun-nhn31/.m2/repository/org/springframework/spring-webmvc/6.2.6/spring-webmvc-6.2.6.jar:/Users/chosun-nhn31/.m2/repository/org/springframework/spring-expression/6.2.6/spring-expression-6.2.6.jar:/Users/chosun-nhn31/.m2/repository/org/springframework/boot/spring-boot-starter-aop/3.4.5/spring-boot-starter-aop-3.4.5.jar:/Users/chosun-nhn31/.m2/repository/org/springframework/spring-aop/6.2.6/spring-aop-6.2.6.jar:/Users/chosun-nhn31/.m2/repository/org/aspectj/aspectjweaver/1.9.24/aspectjweaver-1.9.24.jar:/Users/chosun-nhn31/.m2/repository/org/springframework/boot/spring-boot-devtools/3.4.5/spring-boot-devtools-3.4.5.jar:/Users/chosun-nhn31/.m2/repository/org/springframework/boot/spring-boot/3.4.5/spring-boot-3.4.5.jar:/Users/chosun-nhn31/.m2/repository/org/springframework/boot/spring-boot-autoconfigure/3.4.5/spring-boot-autoconfigure-3.4.5.jar:/Users/chosun-nhn31/.m2/repository/com/h2database/h2/2.3.232/h2-2.3.232.jar:/Users/chosun-nhn31/.m2/repository/org/springframework/boot/spring-boot-configuration-processor/3.4.5/spring-boot-configuration-processor-3.4.5.jar:/Users/chosun-nhn31/.m2/repository/org/projectlombok/lombok/1.18.30/lombok-1.18.30.jar:/Users/chosun-nhn31/.m2/repository/org/springframework/boot/spring-boot-starter-test/3.4.5/spring-boot-starter-test-3.4.5.jar:/Users/chosun-nhn31/.m2/repository/org/springframework/boot/spring-boot-test/3.4.5/spring-boot-test-3.4.5.jar:/Users/chosun-nhn31/.m2/repository/org/springframework/boot/spring-boot-test-autoconfigure/3.4.5/spring-boot-test-autoconfigure-3.4.5.jar:/Users/chosun-nhn31/.m2/repository/com/jayway/jsonpath/json-path/2.9.0/json-path-2.9.0.jar:/Users/chosun-nhn31/.m2/repository/jakarta/xml/bind/jakarta.xml.bind-api/4.0.2/jakarta.xml.bind-api-4.0.2.jar:/Users/chosun-nhn31/.m2/repository/jakarta/activation/jakarta.activation-api/2.1.3/jakarta.activation-api-2.1.3.jar:/Users/chosun-nhn31/.m2/repository/net/minidev/json-smart/2.5.2/json-smart-2.5.2.jar:/Users/chosun-nhn31/.m2/repository/net/minidev/accessors-smart/2.5.2/accessors-smart-2.5.2.jar:/Users/chosun-nhn31/.m2/repository/org/ow2/asm/asm/9.7.1/asm-9.7.1.jar:/Users/chosun-nhn31/.m2/repository/org/assertj/assertj-core/3.26.3/assertj-core-3.26.3.jar:/Users/chosun-nhn31/.m2/repository/org/awaitility/awaitility/4.2.2/awaitility-4.2.2.jar:/Users/chosun-nhn31/.m2/repository/org/hamcrest/hamcrest/2.2/hamcrest-2.2.jar:/Users/chosun-nhn31/.m2/repository/org/junit/jupiter/junit-jupiter/5.11.4/junit-jupiter-5.11.4.jar:/Users/chosun-nhn31/.m2/repository/org/junit/jupiter/junit-jupiter-api/5.11.4/junit-jupiter-api-5.11.4.jar:/Users/chosun-nhn31/.m2/repository/org/opentest4j/opentest4j/1.3.0/opentest4j-1.3.0.jar:/Users/chosun-nhn31/.m2/repository/org/junit/platform/junit-platform-commons/1.11.4/junit-platform-commons-1.11.4.jar:/Users/chosun-nhn31/.m2/repository/org/apiguardian/apiguardian-api/1.1.2/apiguardian-api-1.1.2.jar:/Users/chosun-nhn31/.m2/repository/org/junit/jupiter/junit-jupiter-params/5.11.4/junit-jupiter-params-5.11.4.jar:/Users/chosun-nhn31/.m2/repository/org/junit/jupiter/junit-jupiter-engine/5.11.4/junit-jupiter-engine-5.11.4.jar:/Users/chosun-nhn31/.m2/repository/org/junit/platform/junit-platform-engine/1.11.4/junit-platform-engine-1.11.4.jar:/Users/chosun-nhn31/.m2/repository/org/mockito/mockito-core/5.14.2/mockito-core-5.14.2.jar:/Users/chosun-nhn31/.m2/repository/net/bytebuddy/byte-buddy-agent/1.15.11/byte-buddy-agent-1.15.11.jar:/Users/chosun-nhn31/.m2/repository/org/objenesis/objenesis/3.3/objenesis-3.3.jar:/Users/chosun-nhn31/.m2/repository/org/mockito/mockito-junit-jupiter/5.14.2/mockito-junit-jupiter-5.14.2.jar:/Users/chosun-nhn31/.m2/repository/org/skyscreamer/jsonassert/1.5.3/jsonassert-1.5.3.jar:/Users/chosun-nhn31/.m2/repository/com/vaadin/external/google/android-json/0.0.20131108.vaadin1/android-json-0.0.20131108.vaadin1.jar:/Users/chosun-nhn31/.m2/repository/org/springframework/spring-core/6.2.6/spring-core-6.2.6.jar:/Users/chosun-nhn31/.m2/repository/org/springframework/spring-jcl/6.2.6/spring-jcl-6.2.6.jar:/Users/chosun-nhn31/.m2/repository/org/springframework/spring-test/6.2.6/spring-test-6.2.6.jar:/Users/chosun-nhn31/.m2/repository/org/xmlunit/xmlunit-core/2.10.0/xmlunit-core-2.10.0.jar:/Users/chosun-nhn31/.m2/repository/org/apache/commons/commons-dbcp2/2.11.0/commons-dbcp2-2.11.0.jar:/Users/chosun-nhn31/.m2/repository/org/apache/commons/commons-pool2/2.12.1/commons-pool2-2.12.1.jar:/Users/chosun-nhn31/.m2/repository/jakarta/transaction/jakarta.transaction-api/2.0.1/jakarta.transaction-api-2.0.1.jar:/Users/chosun-nhn31/.m2/repository/com/mysql/mysql-connector-j/8.0.33/mysql-connector-j-8.0.33.jar:/Users/chosun-nhn31/.m2/repository/com/querydsl/querydsl-jpa/5.1.0/querydsl-jpa-5.1.0-jakarta.jar:/Users/chosun-nhn31/.m2/repository/com/querydsl/querydsl-core/5.1.0/querydsl-core-5.1.0.jar:/Users/chosun-nhn31/.m2/repository/com/mysema/commons/mysema-commons-lang/0.2.4/mysema-commons-lang-0.2.4.jar:/Users/chosun-nhn31/.m2/repository/com/querydsl/querydsl-apt/5.1.0/querydsl-apt-5.1.0-jakarta.jar:/Users/chosun-nhn31/.m2/repository/com/querydsl/querydsl-codegen/5.1.0/querydsl-codegen-5.1.0.jar:/Users/chosun-nhn31/.m2/repository/com/querydsl/codegen-utils/5.1.0/codegen-utils-5.1.0.jar:/Users/chosun-nhn31/.m2/repository/org/eclipse/jdt/ecj/3.26.0/ecj-3.26.0.jar:/Users/chosun-nhn31/.m2/repository/javax/inject/javax.inject/1/javax.inject-1.jar:/Users/chosun-nhn31/.m2/repository/io/github/classgraph/classgraph/4.8.146/classgraph-4.8.146.jar:/Users/chosun-nhn31/.m2/repository/jakarta/persistence/jakarta.persistence-api/3.1.0/jakarta.persistence-api-3.1.0.jar:"/>
    <property name="sun.cpu.endian" value="little"/>
    <property name="user.home" value="/Users/chosun-nhn31"/>
    <property name="user.language" value="ko"/>
    <property name="java.specification.vendor" value="Oracle Corporation"/>
    <property name="java.version.date" value="2025-01-21"/>
    <property name="java.home" value="/Users/chosun-nhn31/Library/Java/JavaVirtualMachines/temurin-21.0.6/Contents/Home"/>
    <property name="file.separator" value="/"/>
    <property name="basedir" value="/Users/chosun-nhn31/Documents/bookstore-order-service"/>
    <property name="java.vm.compressedOopsMode" value="Zero based"/>
    <property name="line.separator" value="&#10;"/>
    <property name="java.vm.specification.vendor" value="Oracle Corporation"/>
    <property name="java.specification.name" value="Java Platform API Specification"/>
    <property name="FILE_LOG_CHARSET" value="UTF-8"/>
    <property name="java.awt.headless" value="true"/>
    <property name="apple.awt.application.name" value="ForkedBooter"/>
    <property name="surefire.real.class.path" value="/Users/chosun-nhn31/Documents/bookstore-order-service/target/surefire/surefirebooter-20250620172829332_3.jar"/>
    <property name="sun.management.compiler" value="HotSpot 64-Bit Tiered Compilers"/>
    <property name="ftp.nonProxyHosts" value="local|*.local|169.254/16|*.169.254/16|lx.astxsvc.com|*.lx.astxsvc.com|127.0.0.1:16105|*.127.0.0.1:16105|lx.astxsvc.com|*.lx.astxsvc.com"/>
    <property name="java.runtime.version" value="21.0.6+7-LTS"/>
    <property name="user.name" value="chosun-nhn31"/>
    <property name="stdout.encoding" value="UTF-8"/>
    <property name="path.separator" value=":"/>
    <property name="os.version" value="15.5"/>
    <property name="java.runtime.name" value="OpenJDK Runtime Environment"/>
    <property name="file.encoding" value="UTF-8"/>
    <property name="java.vm.name" value="OpenJDK 64-Bit Server VM"/>
    <property name="java.vendor.version" value="Temurin-21.0.6+7"/>
    <property name="localRepository" value="/Users/chosun-nhn31/.m2/repository"/>
    <property name="java.vendor.url.bug" value="https://github.com/adoptium/adoptium-support/issues"/>
    <property name="java.io.tmpdir" value="/var/folders/sd/5p1vj75d5jn8l4jt1bbbcxc80000gn/T/"/>
    <property name="com.zaxxer.hikari.pool_number" value="1"/>
    <property name="java.version" value="21.0.6"/>
    <property name="user.dir" value="/Users/chosun-nhn31/Documents/bookstore-order-service"/>
    <property name="os.arch" value="aarch64"/>
    <property name="java.vm.specification.name" value="Java Virtual Machine Specification"/>
    <property name="PID" value="10857"/>
    <property name="CONSOLE_LOG_CHARSET" value="UTF-8"/>
    <property name="native.encoding" value="UTF-8"/>
    <property name="java.library.path" value="/Users/chosun-nhn31/Library/Java/Extensions:/Library/Java/Extensions:/Network/Library/Java/Extensions:/System/Library/Java/Extensions:/usr/lib/java:."/>
    <property name="java.vm.info" value="mixed mode, sharing"/>
    <property name="stderr.encoding" value="UTF-8"/>
    <property name="java.vendor" value="Eclipse Adoptium"/>
    <property name="java.vm.version" value="21.0.6+7-LTS"/>
    <property name="sun.io.unicode.encoding" value="UnicodeBig"/>
    <property name="socksNonProxyHosts" value="local|*.local|169.254/16|*.169.254/16|lx.astxsvc.com|*.lx.astxsvc.com|127.0.0.1:16105|*.127.0.0.1:16105|lx.astxsvc.com|*.lx.astxsvc.com"/>
    <property name="java.class.version" value="65.0"/>
  </properties>
  <testcase name="testUpdatePackaging" classname="com.nhnacademy.illuwa.domain.order.service.impl.PackagingServiceTest" time="0.129">
    <system-out><![CDATA[2025-06-20T17:28:35.166+09:00  INFO 10857 --- [           main] t.c.s.AnnotationConfigContextLoaderUtils : Could not detect default configuration classes for test class [com.nhnacademy.illuwa.domain.order.service.impl.PackagingServiceTest]: PackagingServiceTest does not declare any static, non-private, non-final, nested classes annotated with @Configuration.
2025-06-20T17:28:35.177+09:00  INFO 10857 --- [           main] .b.t.c.SpringBootTestContextBootstrapper : Found @SpringBootConfiguration com.nhnacademy.illuwa.IlluwaApplication for test class com.nhnacademy.illuwa.domain.order.service.impl.PackagingServiceTest
Hibernate: 
    /* insert for
        com.nhnacademy.illuwa.domain.order.entity.Packaging */insert 
    into
        packaging (active, packaging_name, packaging_price) 
    values
        (?, ?, ?)
Hibernate: 
    /* insert for
        com.nhnacademy.illuwa.domain.order.entity.Packaging */insert 
    into
        packaging (active, packaging_name, packaging_price) 
    values
        (?, ?, ?)
Hibernate: 
    /* insert for
        com.nhnacademy.illuwa.domain.order.entity.Packaging */insert 
    into
        packaging (active, packaging_name, packaging_price) 
    values
        (?, ?, ?)
Hibernate: 
    /* <criteria> */ select
        p1_0.packaging_id,
        p1_0.active,
        p1_0.packaging_name,
        p1_0.packaging_price 
    from
        packaging p1_0
Hibernate: 
    /* update
        Packaging p 
    set
        p.active = :active 
    where
        p.packagingId = :packagingId */ update packaging p1_0 
    set
        active=? 
    where
        p1_0.packaging_id=?
Hibernate: 
    /* insert for
        com.nhnacademy.illuwa.domain.order.entity.Packaging */insert 
    into
        packaging (active, packaging_name, packaging_price) 
    values
        (?, ?, ?)
Hibernate: 
    /* <criteria> */ select
        p1_0.packaging_id,
        p1_0.active,
        p1_0.packaging_name,
        p1_0.packaging_price 
    from
        packaging p1_0
]]></system-out>
  </testcase>
  <testcase name="testAdd_and_getPackaging" classname="com.nhnacademy.illuwa.domain.order.service.impl.PackagingServiceTest" time="0.113">
    <system-out><![CDATA[Hibernate: 
    /* insert for
        com.nhnacademy.illuwa.domain.order.entity.Packaging */insert 
    into
        packaging (active, packaging_name, packaging_price) 
    values
        (?, ?, ?)
Hibernate: 
    /* insert for
        com.nhnacademy.illuwa.domain.order.entity.Packaging */insert 
    into
        packaging (active, packaging_name, packaging_price) 
    values
        (?, ?, ?)
Hibernate: 
    /* insert for
        com.nhnacademy.illuwa.domain.order.entity.Packaging */insert 
    into
        packaging (active, packaging_name, packaging_price) 
    values
        (?, ?, ?)
Hibernate: 
    /* insert for
        com.nhnacademy.illuwa.domain.order.entity.Packaging */insert 
    into
        packaging (active, packaging_name, packaging_price) 
    values
        (?, ?, ?)
Hibernate: 
    /* select
        packaging.packagingId,
        packaging.packagingName,
        packaging.packagingPrice 
    from
        Packaging packaging 
    where
        packaging.packagingId = ?1 */ select
            p1_0.packaging_id,
            p1_0.packaging_name,
            p1_0.packaging_price 
        from
            packaging p1_0 
        where
            p1_0.packaging_id=?
]]></system-out>
  </testcase>
  <testcase name="testRemovePackaging" classname="com.nhnacademy.illuwa.domain.order.service.impl.PackagingServiceTest" time="0.014">
    <system-out><![CDATA[Hibernate: 
    /* insert for
        com.nhnacademy.illuwa.domain.order.entity.Packaging */insert 
    into
        packaging (active, packaging_name, packaging_price) 
    values
        (?, ?, ?)
Hibernate: 
    /* insert for
        com.nhnacademy.illuwa.domain.order.entity.Packaging */insert 
    into
        packaging (active, packaging_name, packaging_price) 
    values
        (?, ?, ?)
Hibernate: 
    /* insert for
        com.nhnacademy.illuwa.domain.order.entity.Packaging */insert 
    into
        packaging (active, packaging_name, packaging_price) 
    values
        (?, ?, ?)
Hibernate: 
    /* <criteria> */ select
        p1_0.packaging_id,
        p1_0.active,
        p1_0.packaging_name,
        p1_0.packaging_price 
    from
        packaging p1_0
Hibernate: 
    /* update
        Packaging p 
    set
        p.active = :active 
    where
        p.packagingId = :packagingId */ update packaging p1_0 
    set
        active=? 
    where
        p1_0.packaging_id=?
]]></system-out>
  </testcase>
  <testcase name="testAllPackaging" classname="com.nhnacademy.illuwa.domain.order.service.impl.PackagingServiceTest" time="0.02">
    <system-out><![CDATA[Hibernate: 
    /* insert for
        com.nhnacademy.illuwa.domain.order.entity.Packaging */insert 
    into
        packaging (active, packaging_name, packaging_price) 
    values
        (?, ?, ?)
Hibernate: 
    /* insert for
        com.nhnacademy.illuwa.domain.order.entity.Packaging */insert 
    into
        packaging (active, packaging_name, packaging_price) 
    values
        (?, ?, ?)
Hibernate: 
    /* insert for
        com.nhnacademy.illuwa.domain.order.entity.Packaging */insert 
    into
        packaging (active, packaging_name, packaging_price) 
    values
        (?, ?, ?)
Hibernate: 
    /* select
        packaging.packagingId,
        packaging.packagingName,
        packaging.packagingPrice 
    from
        Packaging packaging */ select
            p1_0.packaging_id,
            p1_0.packaging_name,
            p1_0.packaging_price 
        from
            packaging p1_0
]]></system-out>
  </testcase>
  <testcase name="testGetPackagingByActive" classname="com.nhnacademy.illuwa.domain.order.service.impl.PackagingServiceTest" time="0.015">
    <system-out><![CDATA[Hibernate: 
    /* insert for
        com.nhnacademy.illuwa.domain.order.entity.Packaging */insert 
    into
        packaging (active, packaging_name, packaging_price) 
    values
        (?, ?, ?)
Hibernate: 
    /* insert for
        com.nhnacademy.illuwa.domain.order.entity.Packaging */insert 
    into
        packaging (active, packaging_name, packaging_price) 
    values
        (?, ?, ?)
Hibernate: 
    /* insert for
        com.nhnacademy.illuwa.domain.order.entity.Packaging */insert 
    into
        packaging (active, packaging_name, packaging_price) 
    values
        (?, ?, ?)
Hibernate: 
    /* select
        packaging.packagingId,
        packaging.packagingName,
        packaging.packagingPrice 
    from
        Packaging packaging 
    where
        packaging.active = ?1 */ select
            p1_0.packaging_id,
            p1_0.packaging_name,
            p1_0.packaging_price 
        from
            packaging p1_0 
        where
            p1_0.active=?
]]></system-out>
  </testcase>
</testsuite>